<?xml version="1.0" encoding="UTF-8"?>
<testsuite name="org.mitre.synthea.engine.GeneratorTest" tests="8" skipped="0" failures="0" errors="0" timestamp="2019-02-25T11:15:55" hostname="ryan-B250M-HD3" time="78.178">
  <properties/>
  <testcase name="testGeneratePeopleDefaultLocation" classname="org.mitre.synthea.engine.GeneratorTest" time="4.306"/>
  <testcase name="testDemographicsRetry" classname="org.mitre.synthea.engine.GeneratorTest" time="1.026"/>
  <testcase name="testGenerateWithMetrics" classname="org.mitre.synthea.engine.GeneratorTest" time="0.786"/>
  <testcase name="testGeneratePeopleByLocation" classname="org.mitre.synthea.engine.GeneratorTest" time="6.21"/>
  <testcase name="testGenerateOnlyDeadPatients" classname="org.mitre.synthea.engine.GeneratorTest" time="35.087"/>
  <testcase name="testGenerateWithDatabase" classname="org.mitre.synthea.engine.GeneratorTest" time="27.524"/>
  <testcase name="testGeneratorCreatesPeople" classname="org.mitre.synthea.engine.GeneratorTest" time="1.39"/>
  <testcase name="testGenerateWithDetailedLogLevel" classname="org.mitre.synthea.engine.GeneratorTest" time="1.849"/>
  <system-out><![CDATA[Running with options:
Population: 1
Seed: 1551093355758
Location: Massachusetts
Min Age: 0
Max Age: 140
Running with options:
Population: 4
Seed: 1551093360062
Location: Massachusetts
Min Age: 50
Max Age: 100
Running with options:
Population: 1
Seed: 0
Location: Massachusetts
Min Age: 0
Max Age: 140
{alive=1, dead=0}
EPILEPSY MODULE
Terminal:
 Total times entered: 1
 Population that ever hit this state: 1 (100.00%)
 Average # of hits per total population: 100.00
 Average # of hits per person that ever hit state: 100.00
 Population currently in state: 1 (100.00%)

Initial:
 Total times entered: 1
 Population that ever hit this state: 1 (100.00%)
 Average # of hits per total population: 100.00
 Average # of hits per person that ever hit state: 100.00
 Population currently in state: 0 (0.00%)
 Transitioned to:
 --> Terminal : 1 = 100.00%

Suspected_Epilepsy: 
 Never reached 


End_Medicine_Encounter: 
 Never reached 


Seizure_Disorder: 
 Never reached 


History_of_Seizure: 
 Never reached 


EEG_Test: 
 Never reached 


Ages_1_10: 
 Never reached 


Epilepsy: 
 Never reached 


Male: 
 Never reached 


Ages_15_55: 
 Never reached 


Ages_55_Plus: 
 Never reached 


Medicine_Encounter: 
 Never reached 


Female: 
 Never reached 


Diazepam: 
 Never reached 


Medication_End: 
 Never reached 


Medication_Guard: 
 Never reached 


Seizure_Encounter: 
 Never reached 


Clonazepam: 
 Never reached 


Ages_10_15: 
 Never reached 


Carbamazepine: 
 Never reached 


Sudden_Cardiac_Death: 
 Never reached 


Living_with_Seizures: 
 Never reached 


End_Seizure_Encounter: 
 Never reached 


Undergoing_Seizure_Treatment: 
 Never reached 


Ages_0_1: 
 Never reached 




WELLNESS ENCOUNTERS MODULE
Wellness_Encounter:
 Total times entered: 27
 Population that ever hit this state: 1 (100.00%)
 Average # of hits per total population: 2700.00
 Average # of hits per person that ever hit state: 2700.00
 Population currently in state: 1 (100.00%)
 (duration metrics for wellness encounter omitted)
 Transitioned to:
 --> Record_Height : 26 = 100.00%

Record_Never_Smoker:
 Total times entered: 26
 Population that ever hit this state: 1 (100.00%)
 Average # of hits per total population: 2600.00
 Average # of hits per person that ever hit state: 2600.00
 Population currently in state: 0 (0.00%)
 Transitioned to:
 --> Wellness_Encounter : 26 = 100.00%

Smoker_Status_Observation:
 Total times entered: 26
 Population that ever hit this state: 1 (100.00%)
 Average # of hits per total population: 2600.00
 Average # of hits per person that ever hit state: 2600.00
 Population currently in state: 0 (0.00%)
 Transitioned to:
 --> Record_Never_Smoker : 26 = 100.00%

check_eGFR:
 Total times entered: 26
 Population that ever hit this state: 1 (100.00%)
 Average # of hits per total population: 2600.00
 Average # of hits per person that ever hit state: 2600.00
 Population currently in state: 0 (0.00%)
 Transitioned to:
 --> Smoker_Status_Observation : 26 = 100.00%

Record_CBC_Panel:
 Total times entered: 4
 Population that ever hit this state: 1 (100.00%)
 Average # of hits per total population: 400.00
 Average # of hits per person that ever hit state: 400.00
 Population currently in state: 0 (0.00%)
 Transitioned to:
 --> check_eGFR : 4 = 100.00%

check_CBC:
 Total times entered: 26
 Population that ever hit this state: 1 (100.00%)
 Average # of hits per total population: 2600.00
 Average # of hits per person that ever hit state: 2600.00
 Population currently in state: 0 (0.00%)
 Transitioned to:
 --> Record_CBC_Panel : 4 = 15.38%
 --> check_eGFR : 22 = 84.62%

Lab_ACR:
 Total times entered: 26
 Population that ever hit this state: 1 (100.00%)
 Average # of hits per total population: 2600.00
 Average # of hits per person that ever hit state: 2600.00
 Population currently in state: 0 (0.00%)
 Transitioned to:
 --> check_CBC : 26 = 100.00%

Lab_LipidPanel:
 Total times entered: 26
 Population that ever hit this state: 1 (100.00%)
 Average # of hits per total population: 2600.00
 Average # of hits per person that ever hit state: 2600.00
 Population currently in state: 0 (0.00%)
 Transitioned to:
 --> Lab_ACR : 26 = 100.00%

Lab_MetabolicPanel:
 Total times entered: 26
 Population that ever hit this state: 1 (100.00%)
 Average # of hits per total population: 2600.00
 Average # of hits per person that ever hit state: 2600.00
 Population currently in state: 0 (0.00%)
 Transitioned to:
 --> Lab_LipidPanel : 26 = 100.00%

Record_BP:
 Total times entered: 26
 Population that ever hit this state: 1 (100.00%)
 Average # of hits per total population: 2600.00
 Average # of hits per person that ever hit state: 2600.00
 Population currently in state: 0 (0.00%)
 Transitioned to:
 --> Lab_MetabolicPanel : 26 = 100.00%

Record_BMI:
 Total times entered: 17
 Population that ever hit this state: 1 (100.00%)
 Average # of hits per total population: 1700.00
 Average # of hits per person that ever hit state: 1700.00
 Population currently in state: 0 (0.00%)
 Transitioned to:
 --> Record_BP : 17 = 100.00%

Record_Weight:
 Total times entered: 26
 Population that ever hit this state: 1 (100.00%)
 Average # of hits per total population: 2600.00
 Average # of hits per person that ever hit state: 2600.00
 Population currently in state: 0 (0.00%)
 Transitioned to:
 --> Record_BMI : 17 = 65.38%
 --> Record_BP : 9 = 34.62%

Record_Pain:
 Total times entered: 26
 Population that ever hit this state: 1 (100.00%)
 Average # of hits per total population: 2600.00
 Average # of hits per person that ever hit state: 2600.00
 Population currently in state: 0 (0.00%)
 Transitioned to:
 --> Record_Weight : 26 = 100.00%

Record_Height:
 Total times entered: 26
 Population that ever hit this state: 1 (100.00%)
 Average # of hits per total population: 2600.00
 Average # of hits per person that ever hit state: 2600.00
 Population currently in state: 0 (0.00%)
 Transitioned to:
 --> Record_Pain : 26 = 100.00%

Initial:
 Total times entered: 1
 Population that ever hit this state: 1 (100.00%)
 Average # of hits per total population: 100.00
 Average # of hits per person that ever hit state: 100.00
 Population currently in state: 0 (0.00%)
 Transitioned to:
 --> Wellness_Encounter : 1 = 100.00%

Record_ACR: 
 Never reached 


Record_LipidPanel: 
 Never reached 


Record_EGFR: 
 Never reached 


Record_MetabolicPanel: 
 Never reached 


Record_Current_Smoker: 
 Never reached 


Record_Former_Smoker: 
 Never reached 




INJURIES MODULE
Wait_For_Injury:
 Total times entered: 17
 Population that ever hit this state: 1 (100.00%)
 Average # of hits per total population: 1700.00
 Average # of hits per person that ever hit state: 1700.00
 Population currently in state: 1 (100.00%)
 Total duration: 16 years 1 months
 Average duration per time entered: 11 months 16 days
 Average duration per person that ever entered state: 16 years 1 months
 Transitioned to:
 --> Child_Incidence_Rates : 16 = 100.00%

Child_Incidence_Rates:
 Total times entered: 16
 Population that ever hit this state: 1 (100.00%)
 Average # of hits per total population: 1600.00
 Average # of hits per person that ever hit state: 1600.00
 Population currently in state: 0 (0.00%)
 Transitioned to:
 --> Knee_Injury : 1 = 6.25%
 --> Shoulder_Injury : 1 = 6.25%
 --> Wait_For_Injury : 14 = 87.50%

End_Injury_Medications:
 Total times entered: 3
 Population that ever hit this state: 1 (100.00%)
 Average # of hits per total population: 300.00
 Average # of hits per person that ever hit state: 300.00
 Population currently in state: 0 (0.00%)
 Transitioned to:
 --> Wait_For_Injury : 2 = 66.67%
 --> End_Non_Opioid_Prescription : 1 = 33.33%

Unset_Non_Opioid_Prescription_Attribute:
 Total times entered: 1
 Population that ever hit this state: 1 (100.00%)
 Average # of hits per total population: 100.00
 Average # of hits per person that ever hit state: 100.00
 Population currently in state: 0 (0.00%)
 Transitioned to:
 --> End_Injury_Medications : 1 = 100.00%

End_Non_Opioid_Prescription:
 Total times entered: 1
 Population that ever hit this state: 1 (100.00%)
 Average # of hits per total population: 100.00
 Average # of hits per person that ever hit state: 100.00
 Population currently in state: 0 (0.00%)
 Transitioned to:
 --> Unset_Non_Opioid_Prescription_Attribute : 1 = 100.00%

End_Injury_CarePlan:
 Total times entered: 2
 Population that ever hit this state: 1 (100.00%)
 Average # of hits per total population: 200.00
 Average # of hits per person that ever hit state: 200.00
 Population currently in state: 0 (0.00%)
 Transitioned to:
 --> End_Injury_Medications : 2 = 100.00%

Conclude_Injury:
 Total times entered: 2
 Population that ever hit this state: 1 (100.00%)
 Average # of hits per total population: 200.00
 Average # of hits per person that ever hit state: 200.00
 Population currently in state: 0 (0.00%)
 Transitioned to:
 --> End_Injury_CarePlan : 2 = 100.00%

End_Knee_Injury:
 Total times entered: 1
 Population that ever hit this state: 1 (100.00%)
 Average # of hits per total population: 100.00
 Average # of hits per person that ever hit state: 100.00
 Population currently in state: 0 (0.00%)
 Transitioned to:
 --> Conclude_Injury : 1 = 100.00%

Knee_Injury_Recovery_Period:
 Total times entered: 1
 Population that ever hit this state: 1 (100.00%)
 Average # of hits per total population: 100.00
 Average # of hits per person that ever hit state: 100.00
 Population currently in state: 0 (0.00%)
 Total duration: 2 months 0 days
 Average duration per time entered: 2 months 0 days
 Average duration per person that ever entered state: 2 months 0 days
 Transitioned to:
 --> End_Knee_Injury : 1 = 100.00%

End_Knee_Injury_Encounter_I:
 Total times entered: 1
 Population that ever hit this state: 1 (100.00%)
 Average # of hits per total population: 100.00
 Average # of hits per person that ever hit state: 100.00
 Population currently in state: 0 (0.00%)
 Transitioned to:
 --> Knee_Injury_Recovery_Period : 1 = 100.00%

Knee_Injury_Prescribe_Non_Opioid:
 Total times entered: 2
 Population that ever hit this state: 1 (100.00%)
 Average # of hits per total population: 200.00
 Average # of hits per person that ever hit state: 200.00
 Population currently in state: 0 (0.00%)
 Transitioned to:
 --> End_Knee_Injury_Encounter_I : 1 = 50.00%
 --> Initial : 1 = 50.00%

OTC_Pain_Reliever_Terminal:
 Total times entered: 1
 Population that ever hit this state: 1 (100.00%)
 Average # of hits per total population: 100.00
 Average # of hits per person that ever hit state: 100.00
 Population currently in state: 0 (0.00%)
 Transitioned to:
 --> Knee_Injury_Prescribe_Non_Opioid : 1 = 100.00%

Adult_Acetaminophen:
 Total times entered: 1
 Population that ever hit this state: 1 (100.00%)
 Average # of hits per total population: 100.00
 Average # of hits per person that ever hit state: 100.00
 Population currently in state: 0 (0.00%)
 Transitioned to:
 --> OTC_Pain_Reliever_Terminal : 1 = 100.00%

Prescribe_Acetaminophen:
 Total times entered: 1
 Population that ever hit this state: 1 (100.00%)
 Average # of hits per total population: 100.00
 Average # of hits per person that ever hit state: 100.00
 Population currently in state: 0 (0.00%)
 Transitioned to:
 --> Adult_Acetaminophen : 1 = 100.00%

Prescribe_OTC_Pain_Reliever:
 Total times entered: 1
 Population that ever hit this state: 1 (100.00%)
 Average # of hits per total population: 100.00
 Average # of hits per person that ever hit state: 100.00
 Population currently in state: 0 (0.00%)
 Transitioned to:
 --> Prescribe_Acetaminophen : 1 = 100.00%

Initial:
 Total times entered: 2
 Population that ever hit this state: 1 (100.00%)
 Average # of hits per total population: 200.00
 Average # of hits per person that ever hit state: 200.00
 Population currently in state: 0 (0.00%)
 Transitioned to:
 --> Prescribe_OTC_Pain_Reliever : 1 = 50.00%
 --> Wait_For_Injury : 1 = 50.00%

Knee_X_Ray:
 Total times entered: 1
 Population that ever hit this state: 1 (100.00%)
 Average # of hits per total population: 100.00
 Average # of hits per person that ever hit state: 100.00
 Population currently in state: 0 (0.00%)
 Transitioned to:
 --> Knee_Injury_Prescribe_Non_Opioid : 1 = 100.00%

Knee_Injury_CarePlan:
 Total times entered: 1
 Population that ever hit this state: 1 (100.00%)
 Average # of hits per total population: 100.00
 Average # of hits per person that ever hit state: 100.00
 Population currently in state: 0 (0.00%)
 Transitioned to:
 --> Knee_X_Ray : 1 = 100.00%

Torn_Meniscus:
 Total times entered: 1
 Population that ever hit this state: 1 (100.00%)
 Average # of hits per total population: 100.00
 Average # of hits per person that ever hit state: 100.00
 Population currently in state: 0 (0.00%)
 Transitioned to:
 --> Knee_Injury_CarePlan : 1 = 100.00%

ED_Visit_For_Knee_Injury:
 Total times entered: 1
 Population that ever hit this state: 1 (100.00%)
 Average # of hits per total population: 100.00
 Average # of hits per person that ever hit state: 100.00
 Population currently in state: 0 (0.00%)
 Transitioned to:
 --> Torn_Meniscus : 1 = 100.00%

Knee_Injury:
 Total times entered: 1
 Population that ever hit this state: 1 (100.00%)
 Average # of hits per total population: 100.00
 Average # of hits per person that ever hit state: 100.00
 Population currently in state: 0 (0.00%)
 Transitioned to:
 --> ED_Visit_For_Knee_Injury : 1 = 100.00%

End_Shoulder_Followup:
 Total times entered: 1
 Population that ever hit this state: 1 (100.00%)
 Average # of hits per total population: 100.00
 Average # of hits per person that ever hit state: 100.00
 Population currently in state: 0 (0.00%)
 Transitioned to:
 --> Conclude_Injury : 1 = 100.00%

End_Shoulder_Injury:
 Total times entered: 1
 Population that ever hit this state: 1 (100.00%)
 Average # of hits per total population: 100.00
 Average # of hits per person that ever hit state: 100.00
 Population currently in state: 0 (0.00%)
 Transitioned to:
 --> End_Shoulder_Followup : 1 = 100.00%

Shoulder_Injury_Followup:
 Total times entered: 1
 Population that ever hit this state: 1 (100.00%)
 Average # of hits per total population: 100.00
 Average # of hits per person that ever hit state: 100.00
 Population currently in state: 0 (0.00%)
 Transitioned to:
 --> End_Shoulder_Injury : 1 = 100.00%

Shoulder_Injury_Recovery_Period:
 Total times entered: 1
 Population that ever hit this state: 1 (100.00%)
 Average # of hits per total population: 100.00
 Average # of hits per person that ever hit state: 100.00
 Population currently in state: 0 (0.00%)
 Total duration: 30 days
 Average duration per time entered: 30 days
 Average duration per person that ever entered state: 30 days
 Transitioned to:
 --> Shoulder_Injury_Followup : 1 = 100.00%

End_Shoulder_Injury_Encounter:
 Total times entered: 1
 Population that ever hit this state: 1 (100.00%)
 Average # of hits per total population: 100.00
 Average # of hits per person that ever hit state: 100.00
 Population currently in state: 0 (0.00%)
 Transitioned to:
 --> Shoulder_Injury_Recovery_Period : 1 = 100.00%

Shoulder_Injury_CarePlan:
 Total times entered: 1
 Population that ever hit this state: 1 (100.00%)
 Average # of hits per total population: 100.00
 Average # of hits per person that ever hit state: 100.00
 Population currently in state: 0 (0.00%)
 Transitioned to:
 --> End_Shoulder_Injury_Encounter : 1 = 100.00%

Encounter_For_Shoulder_Injury:
 Total times entered: 1
 Population that ever hit this state: 1 (100.00%)
 Average # of hits per total population: 100.00
 Average # of hits per person that ever hit state: 100.00
 Population currently in state: 0 (0.00%)
 Transitioned to:
 --> Shoulder_Injury_CarePlan : 1 = 100.00%

Torn_Rotator_Cuff:
 Total times entered: 1
 Population that ever hit this state: 1 (100.00%)
 Average # of hits per total population: 100.00
 Average # of hits per person that ever hit state: 100.00
 Population currently in state: 0 (0.00%)
 Transitioned to:
 --> Encounter_For_Shoulder_Injury : 1 = 100.00%

Shoulder_Injury:
 Total times entered: 1
 Population that ever hit this state: 1 (100.00%)
 Average # of hits per total population: 100.00
 Average # of hits per person that ever hit state: 100.00
 Population currently in state: 0 (0.00%)
 Transitioned to:
 --> Torn_Rotator_Cuff : 1 = 100.00%

No_Spinal_Cord_Damage: 
 Never reached 


Burn_Injury_Prescribe_Opioid: 
 Never reached 


Wrist_X_Ray: 
 Never reached 


ED_Visit_For_Gunshot_Injury: 
 Never reached 


Burn_Injury_Prescribe_Antibiotic: 
 Never reached 


Consider_Osteoporosis: 
 Never reached 


ED_Visit_For_Laceration: 
 Never reached 


Broken_Wrist: 
 Never reached 


Adult_Incidence_Rates: 
 Never reached 


Severe_Burn_Care: 
 Never reached 


Sprain_CarePlan: 
 Never reached 


Laceration_Injury: 
 Never reached 


Broken_Bone_Injury_Followup: 
 Never reached 


Gunshot_Injury: 
 Never reached 


Spinal_Treatment_Period: 
 Never reached 


End_Gunshot_Followup: 
 Never reached 


End_Laceration_Injury: 
 Never reached 


Gunshot_Wound: 
 Never reached 


Moderate_Concussion: 
 Never reached 


Broken_Arm: 
 Never reached 


Laceration_Tetanus_Shot: 
 Never reached 


Laceration_Injury_Prescribe_Non_Opioid: 
 Never reached 


Gunshot_Wound_CarePlan: 
 Never reached 


Arm_X_Ray: 
 Never reached 


Severe_Concussion: 
 Never reached 


Death_Severe_Concussion: 
 Never reached 


Laceration_Recovery_Period: 
 Never reached 


Ankle_X_Ray: 
 Never reached 


Broken_Bone_Injury: 
 Never reached 


Torn_MCL: 
 Never reached 


Death_Spinal_Cord: 
 Never reached 


End_Gunshot_Encounter: 
 Never reached 


Diagnose_Fracture_Due_to_Osteoporosis: 
 Never reached 


ED_Visit_For_Burn: 
 Never reached 


Torn_ACL: 
 Never reached 


End_Broken_Bone_Encounter: 
 Never reached 


Gunshot_Wound_Ends: 
 Never reached 


End_Shoulder_Surgery_Encounter: 
 Never reached 


Broken_Clavicle: 
 Never reached 


Burn_Injury_Followup: 
 Never reached 


Broken_Ankle: 
 Never reached 


Broken_Bone_Surgery: 
 Never reached 


Burn_Injury_Prescribe_Non_Opioid: 
 Never reached 


Gunshot_Injury_Followup: 
 Never reached 


Pelvic_X_Ray: 
 Never reached 


Broken_Bone_Injury_Prescribe_Non_Opioid: 
 Never reached 


Broken_Bone_Immobilization: 
 Never reached 


ED_Visit_For_Whiplash: 
 Never reached 


Gunshot_Wound_Prescribe_Non_Opioid: 
 Never reached 


ED_Visit_For_Spinal_Injury: 
 Never reached 


End_Broken_Bone_Followup: 
 Never reached 


Laceration_Of_Face: 
 Never reached 


Wait_For_Knee_Surgery: 
 Never reached 


Second_Degree_Burn: 
 Never reached 


Shoulder_Surgery_Prescribe_Opioid: 
 Never reached 


Concussion_CarePlan: 
 Never reached 


Burn_CarePlan: 
 Never reached 


Knee_Injury_Prescribe_Opioid: 
 Never reached 


Spinal_Injury_Prescribe_Opioid: 
 Never reached 


Permanent_Brain_Damage: 
 Never reached 


End_Whiplash_Encounter: 
 Never reached 


Laceration_Of_Hand: 
 Never reached 


Laceration_Of_Foot: 
 Never reached 


Knee_Surgery_Encounter: 
 Never reached 


Unset_Antibiotic_Prescription_Attribute: 
 Never reached 


End_Burn_Encounter: 
 Never reached 


Laceration_Of_Arm: 
 Never reached 


Burn_Recovery_Period: 
 Never reached 


End_Broken_Bone_Injury: 
 Never reached 


Broken_Rib: 
 Never reached 


Broken_Bone_Injury_Prescribe_Pain_Medication: 
 Never reached 


Shoulder_Surgery_Procedure: 
 Never reached 


Death_Severe_Burn: 
 Never reached 


Laceration: 
 Never reached 


Third_Degree_Burn: 
 Never reached 


Sprained_Ankle: 
 Never reached 


Osteoporosis_Workup: 
 Never reached 


Chest_X_Ray: 
 Never reached 


Diagnose_Osteoporosis: 
 Never reached 


End_Whiplash_Injury: 
 Never reached 


Severe_Burn_Hospitalization: 
 Never reached 


Concussion_Injury: 
 Never reached 


ED_Visit_For_Broken_Bone: 
 Never reached 


Low_Bone_Density: 
 Never reached 


Torn_Patellar_Tendon: 
 Never reached 


End_Laceration_Encounter: 
 Never reached 


End_Concussion_Encounter: 
 Never reached 


Broken_Bone_Recovery_Period: 
 Never reached 


Laceration_Of_Leg: 
 Never reached 


Sprain_Recovery_Period: 
 Never reached 


Spinal_Injury_Followup: 
 Never reached 


Suture_Laceration: 
 Never reached 


End_Concussion_Injury: 
 Never reached 


Neurological_Damage: 
 Never reached 


ED_Visit_For_Concussion: 
 Never reached 


End_Spinal_Injury: 
 Never reached 


Concussion_Recovery_Period: 
 Never reached 


Spinal_Injury: 
 Never reached 


Broken_Bone: 
 Never reached 


Whiplash_Recovery_Period: 
 Never reached 


End_Knee_Injury_Encounter_II: 
 Never reached 


High_Bone_Density: 
 Never reached 


Death_Gunshot_Wound: 
 Never reached 


Spinal_Surgery: 
 Never reached 


Laceration_CarePlan: 
 Never reached 


Sprain_Prescribe_Non_Opioid: 
 Never reached 


End_Spinal_Injury_Followup: 
 Never reached 


Sprained_Wrist: 
 Never reached 


First_Degree_Burn: 
 Never reached 


End_Concussion_Followup: 
 Never reached 


Wait_For_Shoulder_Surgery: 
 Never reached 


Whiplash_CarePlan: 
 Never reached 


Deadly_Burn: 
 Never reached 


End_Sprain_Encounter: 
 Never reached 


End_Antibiotic_Prescription: 
 Never reached 


Whiplash_Injury_Prescribe_Non_Opioid: 
 Never reached 


Gunshot_Wound_Prescribe_Pain_Medication: 
 Never reached 


End_Spinal_Injury_Encounter: 
 Never reached 


Spinal_Injury_Treatment_Encounter: 
 Never reached 


Elderly_Incidence_Rates: 
 Never reached 


Mild_Concussion: 
 Never reached 


Gunshot_Wound_Prescribe_Opioid: 
 Never reached 


Spinal_Cord_Damage: 
 Never reached 


Burn_Injury: 
 Never reached 


Concussion_Injury_Followup: 
 Never reached 


Gunshot_Wound_Surgery: 
 Never reached 


Spinal_Injury_CarePlan: 
 Never reached 


End_Burn_Followup: 
 Never reached 


End_Sprain_Injury: 
 Never reached 


Clavicle_X_Ray: 
 Never reached 


End_Burn_Injury: 
 Never reached 


Terminal: 
 Never reached 


Burn: 
 Never reached 


ED_Visit_For_Sprain: 
 Never reached 


Knee_Surgery_Procedure: 
 Never reached 


Delay_After_Spinal_Surgery: 
 Never reached 


Gunshot_Injury_Treatment: 
 Never reached 


Sprain_Injury: 
 Never reached 


Gunshot_Wound_Healing_Period: 
 Never reached 


End_Osteoporosis_Fracture: 
 Never reached 


Shoulder_Surgery_Encounter: 
 Never reached 


Whiplash: 
 Never reached 


Broken_Bone_Injury_Prescribe_Opioid: 
 Never reached 


Shoulder_Surgery_Prescribe_Non_Opioid: 
 Never reached 


Broken_Hip: 
 Never reached 


Broken_Bone_CarePlan: 
 Never reached 


Whiplash_Injury: 
 Never reached 




COLORECTAL CANCER MODULE
Delay_For_Smoking_History:
 Total times entered: 1
 Population that ever hit this state: 1 (100.00%)
 Average # of hits per total population: 100.00
 Average # of hits per person that ever hit state: 100.00
 Population currently in state: 1 (100.00%)
 Total duration: 16 years 4 months
 Average duration per time entered: 16 years 4 months
 Average duration per person that ever entered state: 16 years 4 months

Initial:
 Total times entered: 1
 Population that ever hit this state: 1 (100.00%)
 Average # of hits per total population: 100.00
 Average # of hits per person that ever hit state: 100.00
 Population currently in state: 0 (0.00%)
 Transitioned to:
 --> Delay_For_Smoking_History : 1 = 100.00%

Pain_Vital_3: 
 Never reached 


End_Biopsy_Followup: 
 Never reached 


Pain_Vital_2: 
 Never reached 


Recurrent_Colorectal_Adenoma: 
 Never reached 


Colorectal_Cancer_Symptom4_Ends: 
 Never reached 


Colorectal_Cancer_Diagnose_Stage_III: 
 Never reached 


Pain_Vital_4: 
 Never reached 


Routine_Colonoscopy_Encounter: 
 Never reached 


Colorectal_Cancer_Stage_I: 
 Never reached 


Followup_Colonoscopy_Encounter: 
 Never reached 


Colorectal_Cancer_Symptom_2: 
 Never reached 


Colorectal_Cancer_Symptom_3: 
 Never reached 


Colorectal_Cancer_Symptom_1: 
 Never reached 


Colorectal_Cancer_Symptom5_Ends: 
 Never reached 


Diverting_Colostomy_Encounter: 
 Never reached 


End_Remission_Encounter: 
 Never reached 


End_Oncologist_Encounter: 
 Never reached 


End_Followup_Encounter_Clean: 
 Never reached 


Fecal_Test_Negative_Result: 
 Never reached 


Record_CBC_Panel: 
 Never reached 


Partial_Colectomy_Encounter: 
 Never reached 


Colorectal_Cancer_Symptom_6: 
 Never reached 


Wait_For_Partial_Colectomy: 
 Never reached 


Colorectal_Cancer_Symptom_7: 
 Never reached 


Colorectal_Cancer_Symptom_4: 
 Never reached 


Colorectal_Cancer_Symptom_5: 
 Never reached 


Routine_Colonoscopy_Guard: 
 Never reached 


Wait_For_Initial_Chemotherapy_Treatment: 
 Never reached 


Detect_Adenoma: 
 Never reached 


Remission_Encounter: 
 Never reached 


Chemotherapy_Procedure: 
 Never reached 


Colorectal_Cancer_Stage_II: 
 Never reached 


Remission_Period: 
 Never reached 


Delay_Until_Symptoms_Start: 
 Never reached 


End_Routine_Colonoscopy_with_Malignant_Adenoma: 
 Never reached 


Delay_For_Diverting_Colostomy_Recovery: 
 Never reached 


Routine_Colonoscopy_Procedure: 
 Never reached 


Followup_Colonoscopy_Procedure: 
 Never reached 


Chemotherapy_Drugs_II: 
 Never reached 


Pain_Vital: 
 Never reached 


Diverting_Colostomy_Procedure: 
 Never reached 


Oncologist_Encounter: 
 Never reached 


Colorectal_Cancer_Diagnose_Stage_I: 
 Never reached 


Colorectal_Cancer_Symptom6_Ends: 
 Never reached 


End_Routine_Colonoscopy_Encounter: 
 Never reached 


End_Chemotherapy_Encounter: 
 Never reached 


Fecal_Test: 
 Never reached 


End_Diverting_Colostomy_Encounter: 
 Never reached 


Wait_For_Followup_Colonoscopy: 
 Never reached 


End_Partial_Colectomy_CarePlan: 
 Never reached 


Benign_Adenoma: 
 Never reached 


Colorectal_Cancer_Symptom3_Ends: 
 Never reached 


Recurrent_Adenoma_Removal: 
 Never reached 


Chemotherapy_Treatment_Path: 
 Never reached 


Chemotherapy_Encounter: 
 Never reached 


Partial_Colectomy_CarePlan: 
 Never reached 


Initialize_Chemo_Counter: 
 Never reached 


Wait_For_Diverting_Colostomy: 
 Never reached 


Chemotherapy_Drugs_I: 
 Never reached 


Colorectal_Cancer_Diagnose_Stage_II: 
 Never reached 


Symptom_Encounter: 
 Never reached 


Colorectal_Cancer_Diagnose_Stage_IV: 
 Never reached 


End_Colorectal_Adenoma: 
 Never reached 


Biopsy_Followup: 
 Never reached 


Adenoma_Biopsy: 
 Never reached 


Partial_Colectomy_Procedure: 
 Never reached 


Colorectal_Cancer_CarePlan: 
 Never reached 


Diagnostic_Colonoscopy_Encounter: 
 Never reached 


Diagnostic_Colonoscopy_Procedure: 
 Never reached 


Colorectal_Cancer_Stage_IV: 
 Never reached 


Delay_For_Partial_Colectomy_Recovery: 
 Never reached 


Wait_For_Diagnostic_Colonoscopy: 
 Never reached 


Adenoma_Removal: 
 Never reached 


End_Diverting_Colostomy_CarePlan: 
 Never reached 


Wait_For_Next_Routine_Colonoscopy: 
 Never reached 


Colorectal_Cancer_Stage_III: 
 Never reached 


Colorectal_Cancer_Symptom7_Ends: 
 Never reached 


End_Recurrent_Adenoma: 
 Never reached 


End_Colorectal_Cancer: 
 Never reached 


End_Colorectal_Cancer_CarePlan: 
 Never reached 


Count_A_Chemo_Treatment: 
 Never reached 


Wait_For_Oncologist_Encounter: 
 Never reached 


End_Partial_Colectomy_Encounter: 
 Never reached 


Diverting_Colostomy_CarePlan: 
 Never reached 


End_Symptom_Encounter: 
 Never reached 


Chemotherapy_Treatment_Delay: 
 Never reached 


Eventual_Death: 
 Never reached 


Terminal: 
 Never reached 


Malignant_Adenoma: 
 Never reached 


Colorectal_Cancer: 
 Never reached 


Wait_For_Biopsy_Followup: 
 Never reached 


End_Routine_Colonoscopy_with_Benign_Adenoma: 
 Never reached 


End_Diagnostic_Colonoscopy_Encounter: 
 Never reached 


Fecal_Test_Positive_Result: 
 Never reached 


Record_CMP: 
 Never reached 


End_Followup_Encounter_After_Adenoma_Removal: 
 Never reached 




MEDICATION RECONCILIATION MODULE
Wellness_Encounter:
 Total times entered: 27
 Population that ever hit this state: 1 (100.00%)
 Average # of hits per total population: 2700.00
 Average # of hits per person that ever hit state: 2700.00
 Population currently in state: 1 (100.00%)
 (duration metrics for wellness encounter omitted)
 Transitioned to:
 --> Med_Rec : 15 = 57.69%
 --> Initial : 11 = 42.31%

Initial:
 Total times entered: 27
 Population that ever hit this state: 1 (100.00%)
 Average # of hits per total population: 2700.00
 Average # of hits per person that ever hit state: 2700.00
 Population currently in state: 0 (0.00%)
 Transitioned to:
 --> Wellness_Encounter : 27 = 100.00%

Med_Rec:
 Total times entered: 15
 Population that ever hit this state: 1 (100.00%)
 Average # of hits per total population: 1500.00
 Average # of hits per person that ever hit state: 1500.00
 Population currently in state: 0 (0.00%)
 Transitioned to:
 --> Initial : 15 = 100.00%



OPIOID ADDICTION MODULE
Active_Addiction:
 Total times entered: 21
 Population that ever hit this state: 1 (100.00%)
 Average # of hits per total population: 2100.00
 Average # of hits per person that ever hit state: 2100.00
 Population currently in state: 1 (100.00%)
 Total duration: 4 months 28 days
 Average duration per time entered: 7 days 1 hour 8 minutes 34 seconds
 Average duration per person that ever entered state: 4 months 28 days
 Transitioned to:
 --> Active_Addiction : 20 = 100.00%

Opioid_Addiction_Symptom10:
 Total times entered: 1
 Population that ever hit this state: 1 (100.00%)
 Average # of hits per total population: 100.00
 Average # of hits per person that ever hit state: 100.00
 Population currently in state: 0 (0.00%)
 Transitioned to:
 --> Active_Addiction : 1 = 100.00%

Opioid_Addiction_Symptom9:
 Total times entered: 1
 Population that ever hit this state: 1 (100.00%)
 Average # of hits per total population: 100.00
 Average # of hits per person that ever hit state: 100.00
 Population currently in state: 0 (0.00%)
 Transitioned to:
 --> Opioid_Addiction_Symptom10 : 1 = 100.00%

Opioid_Addiction_Symptom8:
 Total times entered: 1
 Population that ever hit this state: 1 (100.00%)
 Average # of hits per total population: 100.00
 Average # of hits per person that ever hit state: 100.00
 Population currently in state: 0 (0.00%)
 Transitioned to:
 --> Opioid_Addiction_Symptom9 : 1 = 100.00%

Opioid_Addiction_Symptom7:
 Total times entered: 1
 Population that ever hit this state: 1 (100.00%)
 Average # of hits per total population: 100.00
 Average # of hits per person that ever hit state: 100.00
 Population currently in state: 0 (0.00%)
 Transitioned to:
 --> Opioid_Addiction_Symptom8 : 1 = 100.00%

Opioid_Addiction_Symptom6:
 Total times entered: 1
 Population that ever hit this state: 1 (100.00%)
 Average # of hits per total population: 100.00
 Average # of hits per person that ever hit state: 100.00
 Population currently in state: 0 (0.00%)
 Transitioned to:
 --> Opioid_Addiction_Symptom7 : 1 = 100.00%

Opioid_Addiction_Symptom5:
 Total times entered: 1
 Population that ever hit this state: 1 (100.00%)
 Average # of hits per total population: 100.00
 Average # of hits per person that ever hit state: 100.00
 Population currently in state: 0 (0.00%)
 Transitioned to:
 --> Opioid_Addiction_Symptom6 : 1 = 100.00%

Opioid_Addiction_Symptom4:
 Total times entered: 1
 Population that ever hit this state: 1 (100.00%)
 Average # of hits per total population: 100.00
 Average # of hits per person that ever hit state: 100.00
 Population currently in state: 0 (0.00%)
 Transitioned to:
 --> Opioid_Addiction_Symptom5 : 1 = 100.00%

Opioid_Addiction_Symptom3:
 Total times entered: 1
 Population that ever hit this state: 1 (100.00%)
 Average # of hits per total population: 100.00
 Average # of hits per person that ever hit state: 100.00
 Population currently in state: 0 (0.00%)
 Transitioned to:
 --> Opioid_Addiction_Symptom4 : 1 = 100.00%

Opioid_Addiction_Symptom2:
 Total times entered: 1
 Population that ever hit this state: 1 (100.00%)
 Average # of hits per total population: 100.00
 Average # of hits per person that ever hit state: 100.00
 Population currently in state: 0 (0.00%)
 Transitioned to:
 --> Opioid_Addiction_Symptom3 : 1 = 100.00%

Opioid_Addiction_Symptom1:
 Total times entered: 1
 Population that ever hit this state: 1 (100.00%)
 Average # of hits per total population: 100.00
 Average # of hits per person that ever hit state: 100.00
 Population currently in state: 0 (0.00%)
 Transitioned to:
 --> Opioid_Addiction_Symptom2 : 1 = 100.00%

Active_Addiction_Symptom_Onset:
 Total times entered: 1
 Population that ever hit this state: 1 (100.00%)
 Average # of hits per total population: 100.00
 Average # of hits per person that ever hit state: 100.00
 Population currently in state: 0 (0.00%)
 Transitioned to:
 --> Opioid_Addiction_Symptom1 : 1 = 100.00%

Misuse:
 Total times entered: 2
 Population that ever hit this state: 1 (100.00%)
 Average # of hits per total population: 200.00
 Average # of hits per person that ever hit state: 200.00
 Population currently in state: 0 (0.00%)
 Total duration: 14 days
 Average duration per time entered: 7 days
 Average duration per person that ever entered state: 14 days
 Transitioned to:
 --> Reset_Opioid_var_Towards_Gen_Pop : 1 = 50.00%
 --> Active_Addiction_Symptom_Onset : 1 = 50.00%

End_Prescription_Towards_Misuse:
 Total times entered: 2
 Population that ever hit this state: 1 (100.00%)
 Average # of hits per total population: 200.00
 Average # of hits per person that ever hit state: 200.00
 Population currently in state: 0 (0.00%)
 Transitioned to:
 --> Misuse : 2 = 100.00%

Directed_Use:
 Total times entered: 28
 Population that ever hit this state: 1 (100.00%)
 Average # of hits per total population: 2800.00
 Average # of hits per person that ever hit state: 2800.00
 Population currently in state: 0 (0.00%)
 Total duration: 6 months 16 days
 Average duration per time entered: 7 days
 Average duration per person that ever entered state: 6 months 16 days
 Transitioned to:
 --> End_Prescription_Towards_Gen_Pop : 9 = 32.14%
 --> End_Prescription_Towards_Misuse : 2 = 7.14%
 --> Directed_Use : 17 = 60.71%

End_Directed_Use_Encounter:
 Total times entered: 11
 Population that ever hit this state: 1 (100.00%)
 Average # of hits per total population: 1100.00
 Average # of hits per person that ever hit state: 1100.00
 Population currently in state: 0 (0.00%)
 Transitioned to:
 --> Directed_Use : 11 = 100.00%

Directed_Use_Prescription2:
 Total times entered: 5
 Population that ever hit this state: 1 (100.00%)
 Average # of hits per total population: 500.00
 Average # of hits per person that ever hit state: 500.00
 Population currently in state: 0 (0.00%)
 Transitioned to:
 --> End_Directed_Use_Encounter : 5 = 100.00%

Pain_Vital_2:
 Total times entered: 5
 Population that ever hit this state: 1 (100.00%)
 Average # of hits per total population: 500.00
 Average # of hits per person that ever hit state: 500.00
 Population currently in state: 0 (0.00%)
 Transitioned to:
 --> Directed_Use_Prescription2 : 5 = 100.00%

Enter_Directed_Use_Encounter2:
 Total times entered: 5
 Population that ever hit this state: 1 (100.00%)
 Average # of hits per total population: 500.00
 Average # of hits per person that ever hit state: 500.00
 Population currently in state: 0 (0.00%)
 Transitioned to:
 --> Pain_Vital_2 : 5 = 100.00%

Enter_Directed_Use_Condition2:
 Total times entered: 5
 Population that ever hit this state: 1 (100.00%)
 Average # of hits per total population: 500.00
 Average # of hits per person that ever hit state: 500.00
 Population currently in state: 0 (0.00%)
 Transitioned to:
 --> Enter_Directed_Use_Encounter2 : 5 = 100.00%

Enter_Directed_Use:
 Total times entered: 11
 Population that ever hit this state: 1 (100.00%)
 Average # of hits per total population: 1100.00
 Average # of hits per person that ever hit state: 1100.00
 Population currently in state: 0 (0.00%)
 Transitioned to:
 --> Enter_Directed_Use_Condition2 : 5 = 45.45%
 --> Enter_Directed_Use_Condition1 : 2 = 18.18%
 --> Enter_Directed_Use_Condition3 : 4 = 36.36%

General_Population:
 Total times entered: 17
 Population that ever hit this state: 1 (100.00%)
 Average # of hits per total population: 1700.00
 Average # of hits per person that ever hit state: 1700.00
 Population currently in state: 0 (0.00%)
 Total duration: 1 years 4 months
 Average duration per time entered: 30 days
 Average duration per person that ever entered state: 1 years 4 months
 Transitioned to:
 --> General_Population : 6 = 35.29%
 --> Enter_Directed_Use : 11 = 64.71%

Reset_Opioid_var_Towards_Gen_Pop:
 Total times entered: 10
 Population that ever hit this state: 1 (100.00%)
 Average # of hits per total population: 1000.00
 Average # of hits per person that ever hit state: 1000.00
 Population currently in state: 0 (0.00%)
 Transitioned to:
 --> General_Population : 10 = 100.00%

End_Prescription_Towards_Gen_Pop:
 Total times entered: 9
 Population that ever hit this state: 1 (100.00%)
 Average # of hits per total population: 900.00
 Average # of hits per person that ever hit state: 900.00
 Population currently in state: 0 (0.00%)
 Transitioned to:
 --> Reset_Opioid_var_Towards_Gen_Pop : 9 = 100.00%

Directed_Use_Prescription3:
 Total times entered: 4
 Population that ever hit this state: 1 (100.00%)
 Average # of hits per total population: 400.00
 Average # of hits per person that ever hit state: 400.00
 Population currently in state: 0 (0.00%)
 Transitioned to:
 --> End_Directed_Use_Encounter : 4 = 100.00%

Pain_Vital:
 Total times entered: 4
 Population that ever hit this state: 1 (100.00%)
 Average # of hits per total population: 400.00
 Average # of hits per person that ever hit state: 400.00
 Population currently in state: 0 (0.00%)
 Transitioned to:
 --> Directed_Use_Prescription3 : 4 = 100.00%

Enter_Directed_Use_Encounter3:
 Total times entered: 4
 Population that ever hit this state: 1 (100.00%)
 Average # of hits per total population: 400.00
 Average # of hits per person that ever hit state: 400.00
 Population currently in state: 0 (0.00%)
 Transitioned to:
 --> Pain_Vital : 4 = 100.00%

Enter_Directed_Use_Condition3:
 Total times entered: 4
 Population that ever hit this state: 1 (100.00%)
 Average # of hits per total population: 400.00
 Average # of hits per person that ever hit state: 400.00
 Population currently in state: 0 (0.00%)
 Transitioned to:
 --> Enter_Directed_Use_Encounter3 : 4 = 100.00%

Directed_Use_Prescription1:
 Total times entered: 2
 Population that ever hit this state: 1 (100.00%)
 Average # of hits per total population: 200.00
 Average # of hits per person that ever hit state: 200.00
 Population currently in state: 0 (0.00%)
 Transitioned to:
 --> End_Directed_Use_Encounter : 2 = 100.00%

Enter_Directed_Use_Procedure1:
 Total times entered: 2
 Population that ever hit this state: 1 (100.00%)
 Average # of hits per total population: 200.00
 Average # of hits per person that ever hit state: 200.00
 Population currently in state: 0 (0.00%)
 Transitioned to:
 --> Directed_Use_Prescription1 : 2 = 100.00%

Pain_Vital_3:
 Total times entered: 2
 Population that ever hit this state: 1 (100.00%)
 Average # of hits per total population: 200.00
 Average # of hits per person that ever hit state: 200.00
 Population currently in state: 0 (0.00%)
 Transitioned to:
 --> Enter_Directed_Use_Procedure1 : 2 = 100.00%

Enter_Directed_Use_Encounter1:
 Total times entered: 2
 Population that ever hit this state: 1 (100.00%)
 Average # of hits per total population: 200.00
 Average # of hits per person that ever hit state: 200.00
 Population currently in state: 0 (0.00%)
 Transitioned to:
 --> Pain_Vital_3 : 2 = 100.00%

Enter_Directed_Use_Condition1:
 Total times entered: 2
 Population that ever hit this state: 1 (100.00%)
 Average # of hits per total population: 200.00
 Average # of hits per person that ever hit state: 200.00
 Population currently in state: 0 (0.00%)
 Transitioned to:
 --> Enter_Directed_Use_Encounter1 : 2 = 100.00%

Guard:
 Total times entered: 1
 Population that ever hit this state: 1 (100.00%)
 Average # of hits per total population: 100.00
 Average # of hits per person that ever hit state: 100.00
 Population currently in state: 0 (0.00%)
 Total duration: 14 years 0 months
 Average duration per time entered: 14 years 0 months
 Average duration per person that ever entered state: 14 years 0 months
 Transitioned to:
 --> General_Population : 1 = 100.00%

Initial:
 Total times entered: 1
 Population that ever hit this state: 1 (100.00%)
 Average # of hits per total population: 100.00
 Average # of hits per person that ever hit state: 100.00
 Population currently in state: 0 (0.00%)
 Transitioned to:
 --> Guard : 1 = 100.00%

Addiction_Overdose: 
 Never reached 


Addiction_CarePlan_Selector: 
 Never reached 


Misuse_Overdose: 
 Never reached 


End_Misuse_Overdose_Encounter: 
 Never reached 


Pain_Vital_4: 
 Never reached 


Directed_Use_Overdose_Encounter: 
 Never reached 


End_Addiction_Overdose_Encounter: 
 Never reached 


Opioid_Addiction_CarePlan: 
 Never reached 


Detoxification: 
 Never reached 


Addiction_Treatment: 
 Never reached 


Death: 
 Never reached 


Addiction_Overdose_Encounter: 
 Never reached 


Recovery_Management: 
 Never reached 


End_Addiction_Treatment_Encounter: 
 Never reached 


End_Directed_Use_Overdose_Encounter: 
 Never reached 


Enter_Addiction_Treatment: 
 Never reached 


Recovery_Management_Delay: 
 Never reached 


End_Recovery_Management_Encounter: 
 Never reached 


Misuse_Overdose_Encounter: 
 Never reached 


Terminal: 
 Never reached 


Directed_Use_Overdose: 
 Never reached 




CONGESTIVE HEART FAILURE MODULE
Age Guard:
 Total times entered: 1
 Population that ever hit this state: 1 (100.00%)
 Average # of hits per total population: 100.00
 Average # of hits per person that ever hit state: 100.00
 Population currently in state: 1 (100.00%)
 Total duration: 16 years 4 months
 Average duration per time entered: 16 years 4 months
 Average duration per person that ever entered state: 16 years 4 months

Initial:
 Total times entered: 1
 Population that ever hit this state: 1 (100.00%)
 Average # of hits per total population: 100.00
 Average # of hits per person that ever hit state: 100.00
 Population currently in state: 0 (0.00%)
 Transitioned to:
 --> Age Guard : 1 = 100.00%

End Inpatient Encounter: 
 Never reached 


Inpatient Death decision: 
 Never reached 


Age_50-59-Chance of CHF: 
 Never reached 


Inpatient 3D Echo: 
 Never reached 


Record_MetabolicPanel: 
 Never reached 


acute inpatient CHF flare: 
 Never reached 


CHF Condition Start: 
 Never reached 


CHF Medication Start 1: 
 Never reached 


CHF Medication Start 2: 
 Never reached 


CHF initial workup encounter: 
 Never reached 


End Inpatient Care Plan: 
 Never reached 


Workup imaging for CHF: 
 Never reached 


Reset inpatient count: 
 Never reached 


End self-measurement: 
 Never reached 


Inpatient CarePlan: 
 Never reached 


O2 Vitals: 
 Never reached 


CHF careplan for smokers: 
 Never reached 


chance of CHF: 
 Never reached 


end_followup_encounter: 
 Never reached 


Inpatient_admittance: 
 Never reached 


Age_60-69-Chance of CHF: 
 Never reached 


Order medications: 
 Never reached 


Inpatient daily routine: 
 Never reached 


intra_encounter time gate: 
 Never reached 


Calculate LVEF: 
 Never reached 


CXR_Inpt_daily: 
 Never reached 


ED_End: 
 Never reached 


Assign CHF care plan: 
 Never reached 


Death: 
 Never reached 


Inpatient Discharge: 
 Never reached 


Skip daily measurement: 
 Never reached 


inpatient daily labs: 
 Never reached 


Age_70-79-Chance of CHF: 
 Never reached 


NTproBNP lab workup: 
 Never reached 


initial encounter end: 
 Never reached 


Read workup imaging: 
 Never reached 


followup_CHF_encounter: 
 Never reached 


Lasix IV: 
 Never reached 


Age_80-Chance of CHF: 
 Never reached 


Inpatient Daily Transition: 
 Never reached 


CHF onset: 
 Never reached 


CHF symptom onset 2: 
 Never reached 


Wrap up follow-up encounter: 
 Never reached 


CHF symptom onset 1: 
 Never reached 


Inpatient LOS: 
 Never reached 


Maintaining CHF with Telemedicine: 
 Never reached 


Admit_Discharge Transition: 
 Never reached 


CHF symptom onset 3: 
 Never reached 


Daily Self-Measurement Encounter: 
 Never reached 


CHF careplan: 
 Never reached 


Terminal: 
 Never reached 


Potential CHF Flare: 
 Never reached 


CXR_ED: 
 Never reached 


Daily self-measurement: 
 Never reached 


Report workup imaging: 
 Never reached 


Count inpatient stays: 
 Never reached 


Maintaining CHF: 
 Never reached 


Record_CMP: 
 Never reached 


CHF ED Visit: 
 Never reached 


Inpatient Discharge decision: 
 Never reached 




DIALYSIS MODULE
CKD guard:
 Total times entered: 1
 Population that ever hit this state: 1 (100.00%)
 Average # of hits per total population: 100.00
 Average # of hits per person that ever hit state: 100.00
 Population currently in state: 1 (100.00%)
 Total duration: 16 years 4 months
 Average duration per time entered: 16 years 4 months
 Average duration per person that ever entered state: 16 years 4 months

Initial:
 Total times entered: 1
 Population that ever hit this state: 1 (100.00%)
 Average # of hits per total population: 100.00
 Average # of hits per person that ever hit state: 100.00
 Population currently in state: 0 (0.00%)
 Transitioned to:
 --> CKD guard : 1 = 100.00%

Dialysis CarePlan: 
 Never reached 


Physician Monthly Enc: 
 Never reached 


end encounter: 
 Never reached 


end dialysis: 
 Never reached 


Record_Urinalysis: 
 Never reached 


Pain_Vital: 
 Never reached 


3 day delay: 
 Never reached 


Dialysis: 
 Never reached 


Record_CMP: 
 Never reached 


Dialysis weight record: 
 Never reached 


Dialysis_Encounter: 
 Never reached 




ALLERGIC RHINITIS MODULE
Terminal:
 Total times entered: 1
 Population that ever hit this state: 1 (100.00%)
 Average # of hits per total population: 100.00
 Average # of hits per person that ever hit state: 100.00
 Population currently in state: 1 (100.00%)

Not_Atopic:
 Total times entered: 1
 Population that ever hit this state: 1 (100.00%)
 Average # of hits per total population: 100.00
 Average # of hits per person that ever hit state: 100.00
 Population currently in state: 0 (0.00%)
 Transitioned to:
 --> Terminal : 1 = 100.00%

Delay_For_Atopy:
 Total times entered: 1
 Population that ever hit this state: 1 (100.00%)
 Average # of hits per total population: 100.00
 Average # of hits per person that ever hit state: 100.00
 Population currently in state: 0 (0.00%)
 Total duration: 7 days
 Average duration per time entered: 7 days
 Average duration per person that ever entered state: 7 days
 Transitioned to:
 --> Not_Atopic : 1 = 100.00%

Initial:
 Total times entered: 1
 Population that ever hit this state: 1 (100.00%)
 Average # of hits per total population: 100.00
 Average # of hits per person that ever hit state: 100.00
 Population currently in state: 0 (0.00%)
 Transitioned to:
 --> Delay_For_Atopy : 1 = 100.00%

Living_With_Allergic_Rhinitis: 
 Never reached 


Outgrow_Allergic_Rhinitis?: 
 Never reached 


Symptom_Period: 
 Never reached 


Allergic_Rhinitis_Diagnosis: 
 Never reached 


Allergic_Rhinitis_Symptom1_Ends: 
 Never reached 


Allergic_Rhinitis_Symptom4_Ends: 
 Never reached 


Prescribe_OTC_Antihistamine: 
 Never reached 


Atopic: 
 Never reached 


Advise_To_Visit_Allergist: 
 Never reached 


Allergic_Rhinitis_Symptom5_Ends: 
 Never reached 


Allergic_Rhinitis_Symptom2_Ends: 
 Never reached 


Allergic_Rhinitis_Subsides: 
 Never reached 


Has_Perennial_And_Seasonal_Allergic_Rhinitis: 
 Never reached 


Allergic_Rhinitis_Symptom3_Ends: 
 Never reached 


Has_Perennial_Allergic_Rhinitis: 
 Never reached 


Delay_Until_Early_Mid_Childhood: 
 Never reached 


Has_Seasonal_Allergic_Rhinitis: 
 Never reached 


Allergic_Rhinitis_Symptom5: 
 Never reached 


Allergic_Rhinitis_Symptom4: 
 Never reached 


Allergic_Rhinitis_Symptom3: 
 Never reached 


Allergic_Rhinitis_Symptom2: 
 Never reached 


Allergic_Rhinitis_Symptom1: 
 Never reached 


Has_Allergic_Rhinitis: 
 Never reached 


End_Allergic_Rhinitis_Diagnosis: 
 Never reached 




VETERAN SELF HARM MODULE
Veteran Guard:
 Total times entered: 1
 Population that ever hit this state: 1 (100.00%)
 Average # of hits per total population: 100.00
 Average # of hits per person that ever hit state: 100.00
 Population currently in state: 1 (100.00%)
 Total duration: 16 years 4 months
 Average duration per time entered: 16 years 4 months
 Average duration per person that ever entered state: 16 years 4 months

Initial:
 Total times entered: 1
 Population that ever hit this state: 1 (100.00%)
 Average # of hits per total population: 100.00
 Average # of hits per person that ever hit state: 100.00
 Population currently in state: 0 (0.00%)
 Transitioned to:
 --> Veteran Guard : 1 = 100.00%

VA Hotline Call: 
 Never reached 


Short_Hospital_Stay: 
 Never reached 


Psychiatric_Evaluation: 
 Never reached 


Hotline Mental Health Note: 
 Never reached 


Autopsy_Examination: 
 Never reached 


End_Suicide: 
 Never reached 


Delay 18 to 34 years old: 
 Never reached 


Delay_Until_Outpatient_Followup: 
 Never reached 


Attempt_By_Poisoning: 
 Never reached 


Followup_Psychiatric_Evaluation: 
 Never reached 


Fatal_Attempt: 
 Never reached 


Suicide_By_Suffocation: 
 Never reached 


Delay 35 to 54 years old: 
 Never reached 


Non_Fatal_Attempt: 
 Never reached 


Comorbidity Check: 
 Never reached 


Attempts_Suicide: 
 Never reached 


Autopsy_Encounter: 
 Never reached 


Delay 75 to 110 years old: 
 Never reached 


Delay 55 to 74 years old: 
 Never reached 


Delay_Until_Next_Attempt: 
 Never reached 


ED_Visit_For_Attempted_Suicide: 
 Never reached 


End_Attempted_Suicide_Observation_Period: 
 Never reached 


Suicide_By_Firearm: 
 Never reached 


Terminal: 
 Never reached 


Suicide_By_Poisoning: 
 Never reached 


Suicide_By_Other_Means: 
 Never reached 


MH & SUD Comorbidty Check: 
 Never reached 


end telehealth: 
 Never reached 


Attempted_Suicide_Followup: 
 Never reached 


End_Suicide_Attempt: 
 Never reached 


Attempt_By_Suffocation: 
 Never reached 


Death: 
 Never reached 


VA Hotline Encounter: 
 Never reached 


Suicide_CarePlan: 
 Never reached 


End_Followup_Encounter: 
 Never reached 


Attempt_By_Cutting: 
 Never reached 


Suicide_CarePlan_Selector: 
 Never reached 




PREGNANCY MODULE
Become_Pregnant_Guard:
 Total times entered: 1
 Population that ever hit this state: 1 (100.00%)
 Average # of hits per total population: 100.00
 Average # of hits per person that ever hit state: 100.00
 Population currently in state: 1 (100.00%)
 Total duration: 16 years 4 months
 Average duration per time entered: 16 years 4 months
 Average duration per person that ever entered state: 16 years 4 months

Initially_No_Children:
 Total times entered: 1
 Population that ever hit this state: 1 (100.00%)
 Average # of hits per total population: 100.00
 Average # of hits per person that ever hit state: 100.00
 Population currently in state: 0 (0.00%)
 Transitioned to:
 --> Become_Pregnant_Guard : 1 = 100.00%

Initially_Not_Pregnant:
 Total times entered: 1
 Population that ever hit this state: 1 (100.00%)
 Average # of hits per total population: 100.00
 Average # of hits per person that ever hit state: 100.00
 Population currently in state: 0 (0.00%)
 Transitioned to:
 --> Initially_No_Children : 1 = 100.00%

Initial:
 Total times entered: 1
 Population that ever hit this state: 1 (100.00%)
 Average # of hits per total population: 100.00
 Average # of hits per person that ever hit state: 100.00
 Population currently in state: 0 (0.00%)
 Transitioned to:
 --> Initially_Not_Pregnant : 1 = 100.00%

Week_24_Visit: 
 Never reached 


Episiotomy: 
 Never reached 


Early_Uknown_Complication: 
 Never reached 


Spontaneous_Breech: 
 Never reached 


End_Birth_Encounter: 
 Never reached 


End_Week_24_Visit: 
 Never reached 


Physical_Exam_Post_Miscarriage: 
 Never reached 


Pregnancy_CarePlan_Ends: 
 Never reached 


Week_28: 
 Never reached 


Depression_Screening_Post_Abortion: 
 Never reached 


Non_Low_Risk_Pregnancy: 
 Never reached 


Varicella_Test: 
 Never reached 


Birth_Intervention: 
 Never reached 


Week_20: 
 Never reached 


Week_24: 
 Never reached 


Spontaneous_Vaginal_Delivery: 
 Never reached 


End_Miscarriage_Followup_Encounter: 
 Never reached 


End_Initial_Visit_Towards_Abortion: 
 Never reached 


Wait_For_Ectopic_Pregnancy_Encounter: 
 Never reached 


Rubella_Screen: 
 Never reached 


Non_Low_Risk_Pregnancy_Ends: 
 Never reached 


HIV_Test: 
 Never reached 


Induced_Abortion_Encounter: 
 Never reached 


Induced_Abortion_Procedure: 
 Never reached 


Urine_Protein_Test: 
 Never reached 


Week_38: 
 Never reached 


Blighted_Ovum: 
 Never reached 


Week_39: 
 Never reached 


Week_36_Fundal_Height: 
 Never reached 


Abortion_Followup_Encounter: 
 Never reached 


End_Postnatal_Visit: 
 Never reached 


Week_32: 
 Never reached 


Pregnancy_Complication_Ends: 
 Never reached 


RhoD_Immune_Globulin: 
 Never reached 


Induced_Birth_Procedure: 
 Never reached 


Week_36: 
 Never reached 


Physical_Exam_Post_Birth: 
 Never reached 


Elected_CS: 
 Never reached 


Week_28_Fetal_Heartbeat: 
 Never reached 


Normal_Pregnancy_Completion: 
 Never reached 


Wait_For_Miscarriage_Followup_Encounter: 
 Never reached 


Pregnancy_Test: 
 Never reached 


Premature_Birth: 
 Never reached 


Assisted_Delivery: 
 Never reached 


Week_16_Fundal_Height: 
 Never reached 


Miscarriage_In_Second_Trimester: 
 Never reached 


RhoD_Immune_Globulin_Post_Miscarriage: 
 Never reached 


Week_24_Fundal_Height: 
 Never reached 


Ectopic_Pregnancy_Encounter: 
 Never reached 


End_Week_36_Visit: 
 Never reached 


Induced_Birth: 
 Never reached 


Ectopic_Pregnancy_Surgery_Procedure: 
 Never reached 


Second_Hemoglobin_Test: 
 Never reached 


Pre_Eclampsia_Check: 
 Never reached 


Birth: 
 Never reached 


Miscarriage_Ends: 
 Never reached 


RhoD_Immune_Globulin_Post_Birth: 
 Never reached 


Six_Weeks_After_Birth: 
 Never reached 


End_Initial_Visit_Towards_Ectopic_Pregnancy: 
 Never reached 


Week_12_Visit: 
 Never reached 


Prenatal_Initial_Visit: 
 Never reached 


Miscarriage_Fatal_Pregnancy_Complication_Ends: 
 Never reached 


End_Week_12_Visit: 
 Never reached 


Ectopic_Pregnancy: 
 Never reached 


Wait_For_Induced_Abortion: 
 Never reached 


Premature_Birth_Procedure: 
 Never reached 


Hemoglobin_Test: 
 Never reached 


Diabetes_Screen: 
 Never reached 


Week_32_Fetal_Heartbeat: 
 Never reached 


Week_20_Fetal_Heartbeat: 
 Never reached 


Inital_Visit_Fundal_Height: 
 Never reached 


Tdap_Vaccine: 
 Never reached 


Week_38_Fundal_Height: 
 Never reached 


Week_16: 
 Never reached 


Wait_For_Abortion_Followup_Encounter: 
 Never reached 


Week_38_Fetal_Heartbeat: 
 Never reached 


End_Miscarriage_Encounter: 
 Never reached 


End_Week_41_Visit: 
 Never reached 


Week_39_Fundal_Height: 
 Never reached 


Week_41_Visit: 
 Never reached 


Week_12: 
 Never reached 


Week_41_Fetal_Heartbeat: 
 Never reached 


Delay_Eight_Weeks: 
 Never reached 


Emergency_CS: 
 Never reached 


Week_36_Visit: 
 Never reached 


Antibody_Screen: 
 Never reached 


Fetal_Aneuploidy_Screen: 
 Never reached 


Develop_Pre_Eclampsia: 
 Never reached 


Week_24_Fetal_Heartbeat: 
 Never reached 


Unknown_Complication: 
 Never reached 


Hospital_Admission_For_Birth: 
 Never reached 


Glucose_Screen: 
 Never reached 


Miscarriage_Followup_Encounter: 
 Never reached 


Syphilis_Test: 
 Never reached 


Week_40_Visit: 
 Never reached 


Pap_Smear: 
 Never reached 


Pregnancy_Termination_Care: 
 Never reached 


Abortion_Ends: 
 Never reached 


Pregnancy_CarePlan: 
 Never reached 


AFP_Test: 
 Never reached 


Week_16_Fetal_Heartbeat: 
 Never reached 


Induction: 
 Never reached 


Late_Fetal_Chromosomal_Anomaly: 
 Never reached 


Hep_C_Test: 
 Never reached 


End_Week_20_Visit: 
 Never reached 


Week_20_Visit: 
 Never reached 


Week_38_Visit: 
 Never reached 


Normal_Birth_Procedure: 
 Never reached 


Augmentation: 
 Never reached 


Chlamydia_Test: 
 Never reached 


End_Week_38_Visit: 
 Never reached 


End_Week_40_Visit: 
 Never reached 


Normal_Pregnancy_Ends: 
 Never reached 


Physical_Exam: 
 Never reached 


Week_32_Fundal_Height: 
 Never reached 


Develop_Eclampsia: 
 Never reached 


Week_39_Fetal_Heartbeat: 
 Never reached 


Tuberculosis_Test: 
 Never reached 


End_Week_16_Visit: 
 Never reached 


Week_39_Visit: 
 Never reached 


Pre_Eclampsia_Becomes_Eclampsia: 
 Never reached 


Methotrexate_Injection: 
 Never reached 


End_Week_39_Visit: 
 Never reached 


Week_40_Fundal_Height: 
 Never reached 


Become_Pregnant: 
 Never reached 


Urine_Culture: 
 Never reached 


Week_12_Fetal_Heartbeat: 
 Never reached 


Week_40_Fetal_Heartbeat: 
 Never reached 


Week_41: 
 Never reached 


Week_20_Fundal_Height: 
 Never reached 


Uterine_Anomaly: 
 Never reached 


End_Week_32_Visit: 
 Never reached 


Postnatal_Visit: 
 Never reached 


Week_32_Visit: 
 Never reached 


Week_12_Fundal_Height: 
 Never reached 


Induced_Abortion_Therapy: 
 Never reached 


Week_36_Fetal_Heartbeat: 
 Never reached 


Week_40: 
 Never reached 


Gonorrhea_Test: 
 Never reached 


Epidural: 
 Never reached 


Normal_Birth: 
 Never reached 


Hep_B_Surface_Antigen: 
 Never reached 


Week_28_Fundal_Height: 
 Never reached 


Depression_Screening_Post_Miscarriage: 
 Never reached 


Inital_Visit_Fetal_Heartbeat: 
 Never reached 


Fetal_Anatomy_Study: 
 Never reached 


Fetal_Viability_Ultrasound: 
 Never reached 


Physical_Exam_Post_Abortion: 
 Never reached 


Week_28_Visit: 
 Never reached 


Week_41_Fundal_Height: 
 Never reached 


Terminal: 
 Never reached 


Give_Birth: 
 Never reached 


End_Abortion_Followup_Encounter: 
 Never reached 


Group_B_Strep_Test: 
 Never reached 


RhoD_Immune_Globulin_Post_Abortion: 
 Never reached 


Unset_Pregnancy_Complication_Attribute: 
 Never reached 


Unset_Pregnant_Attribute: 
 Never reached 


End_Week_28_Visit: 
 Never reached 


Miscarriage_In_First_Trimester: 
 Never reached 


End_Induced_Abortion_Encounter: 
 Never reached 


End_Prenatal_Initial_Visit: 
 Never reached 


Blood_Typing: 
 Never reached 


Depression_Screening_Post_Birth: 
 Never reached 


Week_16_Visit: 
 Never reached 




SELF HARM MODULE
Terminal:
 Total times entered: 1
 Population that ever hit this state: 1 (100.00%)
 Average # of hits per total population: 100.00
 Average # of hits per person that ever hit state: 100.00
 Population currently in state: 1 (100.00%)

Initial:
 Total times entered: 1
 Population that ever hit this state: 1 (100.00%)
 Average # of hits per total population: 100.00
 Average # of hits per person that ever hit state: 100.00
 Population currently in state: 0 (0.00%)
 Transitioned to:
 --> Terminal : 1 = 100.00%

Delay_Until_35_44: 
 Never reached 


Short_Hospital_Stay: 
 Never reached 


Psychiatric_Evaluation: 
 Never reached 


Autopsy_Examination: 
 Never reached 


End_Suicide: 
 Never reached 


Delay_Until_Outpatient_Followup: 
 Never reached 


Attempt_By_Poisoning: 
 Never reached 


Attempted_Suicide_Incidence_By_Age: 
 Never reached 


Followup_Psychiatric_Evaluation: 
 Never reached 


Fatal_Attempt: 
 Never reached 


Delay_Until_Teens: 
 Never reached 


Delay_Until_65_84: 
 Never reached 


Suicide_By_Suffocation: 
 Never reached 


Non_Fatal_Attempt: 
 Never reached 


Attempts_Suicide: 
 Never reached 


Autopsy_Encounter: 
 Never reached 


Delay_Until_Next_Attempt: 
 Never reached 


ED_Visit_For_Attempted_Suicide: 
 Never reached 


End_Attempted_Suicide_Observation_Period: 
 Never reached 


Delay_Until_85_Plus: 
 Never reached 


Suicide_By_Firearm: 
 Never reached 


Suicide_By_Poisoning: 
 Never reached 


Suicide_By_Other_Means: 
 Never reached 


Delay_Until_45_64: 
 Never reached 


Delay_Until_20_34: 
 Never reached 


Attempted_Suicide_Followup: 
 Never reached 


End_Suicide_Attempt: 
 Never reached 


Attempt_By_Suffocation: 
 Never reached 


Death: 
 Never reached 


Suicide_CarePlan: 
 Never reached 


End_Followup_Encounter: 
 Never reached 


Attempt_By_Cutting: 
 Never reached 


Suicide_CarePlan_Selector: 
 Never reached 




ATOPY MODULE
Terminal:
 Total times entered: 1
 Population that ever hit this state: 1 (100.00%)
 Average # of hits per total population: 100.00
 Average # of hits per person that ever hit state: 100.00
 Population currently in state: 1 (100.00%)

Initial:
 Total times entered: 1
 Population that ever hit this state: 1 (100.00%)
 Average # of hits per total population: 100.00
 Average # of hits per person that ever hit state: 100.00
 Population currently in state: 0 (0.00%)
 Transitioned to:
 --> Terminal : 1 = 100.00%

Is_Atopic: 
 Never reached 




VETERAN MDD MODULE
age guard:
 Total times entered: 1
 Population that ever hit this state: 1 (100.00%)
 Average # of hits per total population: 100.00
 Average # of hits per person that ever hit state: 100.00
 Population currently in state: 1 (100.00%)
 Total duration: 16 years 4 months
 Average duration per time entered: 16 years 4 months
 Average duration per person that ever entered state: 16 years 4 months

Initial:
 Total times entered: 1
 Population that ever hit this state: 1 (100.00%)
 Average # of hits per total population: 100.00
 Average # of hits per person that ever hit state: 100.00
 Population currently in state: 0 (0.00%)
 Transitioned to:
 --> age guard : 1 = 100.00%

MDD Episode: 
 Never reached 


positive_re_eval_phq9: 
 Never reached 


MDD_Encounter: 
 Never reached 


MDD_Careplan_Psych: 
 Never reached 


MDD Chronic Pain Med: 
 Never reached 


Therapy_Note: 
 Never reached 


Male: 
 Never reached 


MDD_Initial_Careplan: 
 Never reached 


Non_Veteran: 
 Never reached 


MDD_Careplan_Psych_and_Rx: 
 Never reached 


veteran guard: 
 Never reached 


Therapy_Visit: 
 Never reached 


end_Psych_encounter: 
 Never reached 


MDD_Careplan_Rx_ONLY: 
 Never reached 


end re_evaluation_medication: 
 Never reached 


Female: 
 Never reached 


MDD Medication Order: 
 Never reached 


end_MDD_Re_evaluation Encounter: 
 Never reached 


Veteran: 
 Never reached 


Change_Dx_Not_MDD: 
 Never reached 


Initial_Psychiatric_MDD_Encounter: 
 Never reached 


end_MDD_Encounter: 
 Never reached 


therapy_delay: 
 Never reached 


MDD_Re_evaluation Encounter: 
 Never reached 


end therapy visit: 
 Never reached 


Time Gate: 
 Never reached 


Terminal: 
 Never reached 


Positive_PHQ9: 
 Never reached 


negative_re_eval_phq9: 
 Never reached 


MDD Diagnosis: 
 Never reached 


Negative_PHQ9: 
 Never reached 




ASTHMA MODULE
Terminal:
 Total times entered: 1
 Population that ever hit this state: 1 (100.00%)
 Average # of hits per total population: 100.00
 Average # of hits per person that ever hit state: 100.00
 Population currently in state: 1 (100.00%)

Not_Atopic:
 Total times entered: 1
 Population that ever hit this state: 1 (100.00%)
 Average # of hits per total population: 100.00
 Average # of hits per person that ever hit state: 100.00
 Population currently in state: 0 (0.00%)
 Transitioned to:
 --> Terminal : 1 = 100.00%

Delay_For_Atopy:
 Total times entered: 1
 Population that ever hit this state: 1 (100.00%)
 Average # of hits per total population: 100.00
 Average # of hits per person that ever hit state: 100.00
 Population currently in state: 0 (0.00%)
 Total duration: 7 days
 Average duration per time entered: 7 days
 Average duration per person that ever entered state: 7 days
 Transitioned to:
 --> Not_Atopic : 1 = 100.00%

Initial:
 Total times entered: 1
 Population that ever hit this state: 1 (100.00%)
 Average # of hits per total population: 100.00
 Average # of hits per person that ever hit state: 100.00
 Population currently in state: 0 (0.00%)
 Transitioned to:
 --> Delay_For_Atopy : 1 = 100.00%

Delay_Until_Adulthood: 
 Never reached 


Delay_For_Childhood_Asthma: 
 Never reached 


Asthma_Symptom3_Ends: 
 Never reached 


Asthma_Diagnosis: 
 Never reached 


Asthma_ED_Visit: 
 Never reached 


Atopic: 
 Never reached 


Followup_End: 
 Never reached 


Prescribe_Emergency_Inhaler: 
 Never reached 


End_Diagnosis_Encounter: 
 Never reached 


Asthma_Attack: 
 Never reached 


Nonsmoker_CarePlan: 
 Never reached 


Next_Adult_Welness_Encounter: 
 Never reached 


Asthma_Symptom3: 
 Never reached 


Asthma_Symptom2: 
 Never reached 


Asthma_Symptom1: 
 Never reached 


Next_Wellness_Encounter: 
 Never reached 


Asthma_Attack_Followup: 
 Never reached 


Asthma_CarePlan_Selector: 
 Never reached 


Set_Childhood_Asthma: 
 Never reached 


Asthma_Symptom5_Ends: 
 Never reached 


Asthma_Symptom2_Ends: 
 Never reached 


Childhood_Asthma_May_Subside: 
 Never reached 


Set_Adult_Asthma: 
 Never reached 


End_Asthma_ED_Visit: 
 Never reached 


Childhood_Asthma_Becomes_Lifelong_Asthma: 
 Never reached 


Maintenance_Medication_End: 
 Never reached 


Asthma_Symptom6: 
 Never reached 


Asthma_Symptom5: 
 Never reached 


Asthma_Symptom4: 
 Never reached 


End_Asthma_CarePlan: 
 Never reached 


Lifelong_Asthma: 
 Never reached 


Prescribe_Maintenance_Inhaler: 
 Never reached 


Delay_For_Followup: 
 Never reached 


Asthma_Symptom6_Ends: 
 Never reached 


Lifelong_Asthma_Begins: 
 Never reached 


Adult_Asthma_Begins: 
 Never reached 


Potential_Asthma_Attack: 
 Never reached 


Childhood_Asthma_Subsides: 
 Never reached 


Maintaining_Asthma: 
 Never reached 


Asthma_Symptom4_Ends: 
 Never reached 


Smoker_CarePlan: 
 Never reached 


Asthma_Symptom1_Ends: 
 Never reached 


Childhood_Asthma_Begins: 
 Never reached 


Asthma_Incidence: 
 Never reached 


Asthma_Screening: 
 Never reached 


Emergency_Medication_End: 
 Never reached 




LUNG CANCER MODULE
Ages_45_65:
 Total times entered: 1
 Population that ever hit this state: 1 (100.00%)
 Average # of hits per total population: 100.00
 Average # of hits per person that ever hit state: 100.00
 Population currently in state: 1 (100.00%)
 Total duration: 16 years 4 months
 Average duration per time entered: 16 years 4 months
 Average duration per person that ever entered state: 16 years 4 months

Initial:
 Total times entered: 1
 Population that ever hit this state: 1 (100.00%)
 Average # of hits per total population: 100.00
 Average # of hits per person that ever hit state: 100.00
 Population currently in state: 0 (0.00%)
 Transitioned to:
 --> Ages_45_65 : 1 = 100.00%

Pain_Vital_3: 
 Never reached 


Pain_Vital_2: 
 Never reached 


End_SCLC_Treatment_Encounter: 
 Never reached 


NSCLC Chemotheraphy IIB: 
 Never reached 


Small Cell Lung Cancer: 
 Never reached 


Diagnosis Encounter IV: 
 Never reached 


Lung Cancer Probabilities: 
 Never reached 


NSCLC Treatment Encounter: 
 Never reached 


Hearing_Test: 
 Never reached 


NSCLC III: 
 Never reached 


NSCLC Chemotheraphy II: 
 Never reached 


Non-Small Cell Lung Cancer: 
 Never reached 


SCLC Treatment Delay: 
 Never reached 


Decrease in appetite: 
 Never reached 


Undiagnosed_Lung_Cancer: 
 Never reached 


Stage II: 
 Never reached 


SCLC Radiation: 
 Never reached 


Stage I: 
 Never reached 


Onset_Lung_Cancer: 
 Never reached 


Bloody Cough: 
 Never reached 


Stage IV: 
 Never reached 


NSCLC Chemotheraphy IB: 
 Never reached 


Record_CBC_Panel: 
 Never reached 


Thoracentesis (Fluid): 
 Never reached 


End_Diagnosis_Encounter_II: 
 Never reached 


NSCLC Chemotheraphy I: 
 Never reached 


Chest X-Ray: 
 Never reached 


Fatigue: 
 Never reached 


NSCLC Radiation: 
 Never reached 


Suspected Lung Cancer: 
 Never reached 


Stage III: 
 Never reached 


Head and neck swelling: 
 Never reached 


MRI Brain: 
 Never reached 


SCLC Chemotheraphy I: 
 Never reached 


Shortness of Breath: 
 Never reached 


Sweats: 
 Never reached 


Bronchoscopy (Tube): 
 Never reached 


Record_Urinalysis_3: 
 Never reached 


SCLC I: 
 Never reached 


Schedule Follow Up I: 
 Never reached 


Needle Biopsy (Cells): 
 Never reached 


Diagnosis Encounter I: 
 Never reached 


Chest CT: 
 Never reached 


Hearing Test: 
 Never reached 


SCLC Chemotheraphy II: 
 Never reached 


SCLC Chemotheraphy IIB: 
 Never reached 


Record_CMP_2: 
 Never reached 


NSCLC Treatment Path: 
 Never reached 


SCLC Chemotheraphy IB: 
 Never reached 


Chest_CT: 
 Never reached 


End_Diagnosis_Encounter_IV: 
 Never reached 


Increment_Counter: 
 Never reached 


Pain_Vital: 
 Never reached 


Lung_Cancer_CarePlan: 
 Never reached 


Decrease in weight: 
 Never reached 


SCLC Treatment Path: 
 Never reached 


SCLC II: 
 Never reached 


End_Diagnosis_Encounter_III: 
 Never reached 


End_NSCLC_Treatment_Encounter: 
 Never reached 


SCLC: 
 Never reached 


SCLC IV: 
 Never reached 


NSCLC Treatment Delay: 
 Never reached 


SCLC III: 
 Never reached 


NSCLC: 
 Never reached 


SCLC Treatment Encounter: 
 Never reached 


Sputum Cytology (Phelgm): 
 Never reached 


NSCLC I: 
 Never reached 


End_Diagnosis_Encounter_I: 
 Never reached 


NSCLC II: 
 Never reached 


Schedule Follow Up III: 
 Never reached 


Record_CBC_Panel_2: 
 Never reached 


Terminal: 
 Never reached 


Cough: 
 Never reached 


Fever: 
 Never reached 


Record_Urinalysis: 
 Never reached 


Init_Lung_Cancer_Counter: 
 Never reached 


Chest CT Scan: 
 Never reached 


Chest Pain: 
 Never reached 


Diagnosis Encounter III: 
 Never reached 


Diagnosis Encounter II: 
 Never reached 


Schedule Follow Up II: 
 Never reached 


NSCLC IV: 
 Never reached 


Record_CMP: 
 Never reached 




CONTRACEPTIVES MODULE
Route_To_Guard:
 Total times entered: 3
 Population that ever hit this state: 1 (100.00%)
 Average # of hits per total population: 300.00
 Average # of hits per person that ever hit state: 300.00
 Population currently in state: 1 (100.00%)
 Total duration: 2 years 4 months
 Average duration per time entered: 9 months 21 days
 Average duration per person that ever entered state: 2 years 4 months
 Transitioned to:
 --> Reset_Contraceptive_Use : 2 = 100.00%

Contraceptive_Prescribed?:
 Total times entered: 3
 Population that ever hit this state: 1 (100.00%)
 Average # of hits per total population: 300.00
 Average # of hits per person that ever hit state: 300.00
 Population currently in state: 0 (0.00%)
 Transitioned to:
 --> Route_To_Guard : 3 = 100.00%

Using_Patch:
 Total times entered: 2
 Population that ever hit this state: 1 (100.00%)
 Average # of hits per total population: 200.00
 Average # of hits per person that ever hit state: 200.00
 Population currently in state: 0 (0.00%)
 Transitioned to:
 --> Contraceptive_Prescribed? : 1 = 50.00%
 --> Initial : 1 = 50.00%

Terminal:
 Total times entered: 5
 Population that ever hit this state: 1 (100.00%)
 Average # of hits per total population: 500.00
 Average # of hits per person that ever hit state: 500.00
 Population currently in state: 0 (0.00%)
 Transitioned to:
 --> Reset_Contraceptive_Use : 2 = 40.00%
 --> Using_Oral_Contraceptive : 2 = 40.00%
 --> Using_Patch : 1 = 20.00%

End_Consultation_Encounter:
 Total times entered: 1
 Population that ever hit this state: 1 (100.00%)
 Average # of hits per total population: 100.00
 Average # of hits per person that ever hit state: 100.00
 Population currently in state: 0 (0.00%)
 Transitioned to:
 --> Terminal : 1 = 100.00%

Prescribe_Xulane:
 Total times entered: 1
 Population that ever hit this state: 1 (100.00%)
 Average # of hits per total population: 100.00
 Average # of hits per person that ever hit state: 100.00
 Population currently in state: 0 (0.00%)
 Transitioned to:
 --> End_Consultation_Encounter : 1 = 100.00%

Patch_Contraceptive_Consultation:
 Total times entered: 1
 Population that ever hit this state: 1 (100.00%)
 Average # of hits per total population: 100.00
 Average # of hits per person that ever hit state: 100.00
 Population currently in state: 0 (0.00%)
 Transitioned to:
 --> Prescribe_Xulane : 1 = 100.00%

Set_Contraceptive_Type:
 Total times entered: 3
 Population that ever hit this state: 1 (100.00%)
 Average # of hits per total population: 300.00
 Average # of hits per person that ever hit state: 300.00
 Population currently in state: 0 (0.00%)
 Transitioned to:
 --> Encounter_For_Oral_Contraceptive : 2 = 66.67%
 --> Patch_Contraceptive_Consultation : 1 = 33.33%

Initial:
 Total times entered: 6
 Population that ever hit this state: 1 (100.00%)
 Average # of hits per total population: 600.00
 Average # of hits per person that ever hit state: 600.00
 Population currently in state: 0 (0.00%)
 Transitioned to:
 --> Set_Contraceptive_Type : 3 = 50.00%
 --> Delay_Until_Reproductive_Age : 1 = 16.67%
 --> Clear_Contraceptive_Med : 2 = 33.33%

Young_Contraceptive_Use:
 Total times entered: 3
 Population that ever hit this state: 1 (100.00%)
 Average # of hits per total population: 300.00
 Average # of hits per person that ever hit state: 300.00
 Population currently in state: 0 (0.00%)
 Transitioned to:
 --> Using_Oral_Contraceptive : 2 = 66.67%
 --> Using_Patch : 1 = 33.33%

Female_Contraceptive_Use:
 Total times entered: 3
 Population that ever hit this state: 1 (100.00%)
 Average # of hits per total population: 300.00
 Average # of hits per person that ever hit state: 300.00
 Population currently in state: 0 (0.00%)
 Transitioned to:
 --> Young_Contraceptive_Use : 3 = 100.00%

Reset_Contraceptive_Use:
 Total times entered: 4
 Population that ever hit this state: 1 (100.00%)
 Average # of hits per total population: 400.00
 Average # of hits per person that ever hit state: 400.00
 Population currently in state: 0 (0.00%)
 Transitioned to:
 --> Female_Contraceptive_Use : 2 = 50.00%
 --> Initial : 2 = 50.00%

Clear_Contraceptive_Type:
 Total times entered: 2
 Population that ever hit this state: 1 (100.00%)
 Average # of hits per total population: 200.00
 Average # of hits per person that ever hit state: 200.00
 Population currently in state: 0 (0.00%)
 Transitioned to:
 --> Terminal : 2 = 100.00%

Clear_Contraceptive:
 Total times entered: 2
 Population that ever hit this state: 1 (100.00%)
 Average # of hits per total population: 200.00
 Average # of hits per person that ever hit state: 200.00
 Population currently in state: 0 (0.00%)
 Transitioned to:
 --> Clear_Contraceptive_Type : 2 = 100.00%

End_Contraceptive_Med:
 Total times entered: 2
 Population that ever hit this state: 1 (100.00%)
 Average # of hits per total population: 200.00
 Average # of hits per person that ever hit state: 200.00
 Population currently in state: 0 (0.00%)
 Transitioned to:
 --> Clear_Contraceptive : 2 = 100.00%

Clear_Contraceptive_Med:
 Total times entered: 2
 Population that ever hit this state: 1 (100.00%)
 Average # of hits per total population: 200.00
 Average # of hits per person that ever hit state: 200.00
 Population currently in state: 0 (0.00%)
 Transitioned to:
 --> End_Contraceptive_Med : 2 = 100.00%

Using_Oral_Contraceptive:
 Total times entered: 4
 Population that ever hit this state: 1 (100.00%)
 Average # of hits per total population: 400.00
 Average # of hits per person that ever hit state: 400.00
 Population currently in state: 0 (0.00%)
 Transitioned to:
 --> Contraceptive_Prescribed? : 2 = 50.00%
 --> Initial : 2 = 50.00%

End_Encounter:
 Total times entered: 2
 Population that ever hit this state: 1 (100.00%)
 Average # of hits per total population: 200.00
 Average # of hits per person that ever hit state: 200.00
 Population currently in state: 0 (0.00%)
 Transitioned to:
 --> Terminal : 2 = 100.00%

Prescribe_Natazia:
 Total times entered: 1
 Population that ever hit this state: 1 (100.00%)
 Average # of hits per total population: 100.00
 Average # of hits per person that ever hit state: 100.00
 Population currently in state: 0 (0.00%)
 Transitioned to:
 --> End_Encounter : 1 = 100.00%

Prescribe_Combination_Pill:
 Total times entered: 2
 Population that ever hit this state: 1 (100.00%)
 Average # of hits per total population: 200.00
 Average # of hits per person that ever hit state: 200.00
 Population currently in state: 0 (0.00%)
 Transitioned to:
 --> Prescribe_Trinessa : 1 = 50.00%
 --> Prescribe_Natazia : 1 = 50.00%

Combination_Or_Minipill:
 Total times entered: 2
 Population that ever hit this state: 1 (100.00%)
 Average # of hits per total population: 200.00
 Average # of hits per person that ever hit state: 200.00
 Population currently in state: 0 (0.00%)
 Transitioned to:
 --> Prescribe_Combination_Pill : 2 = 100.00%

Encounter_For_Oral_Contraceptive:
 Total times entered: 2
 Population that ever hit this state: 1 (100.00%)
 Average # of hits per total population: 200.00
 Average # of hits per person that ever hit state: 200.00
 Population currently in state: 0 (0.00%)
 Transitioned to:
 --> Combination_Or_Minipill : 2 = 100.00%

Prescribe_Trinessa:
 Total times entered: 1
 Population that ever hit this state: 1 (100.00%)
 Average # of hits per total population: 100.00
 Average # of hits per person that ever hit state: 100.00
 Population currently in state: 0 (0.00%)
 Transitioned to:
 --> End_Encounter : 1 = 100.00%

Delay_Until_Reproductive_Age:
 Total times entered: 1
 Population that ever hit this state: 1 (100.00%)
 Average # of hits per total population: 100.00
 Average # of hits per person that ever hit state: 100.00
 Population currently in state: 0 (0.00%)
 Total duration: 14 years 0 months
 Average duration per time entered: 14 years 0 months
 Average duration per person that ever entered state: 14 years 0 months
 Transitioned to:
 --> Female_Contraceptive_Use : 1 = 100.00%

Using_Injectable: 
 Never reached 


Mid_Contraceptive_Use: 
 Never reached 


Using_Female_Sterilization: 
 Never reached 


Using_Ring: 
 Never reached 


Using_Implant: 
 Never reached 


Pregnant_Guard: 
 Never reached 


Delay_For_Male_Sterilization: 
 Never reached 


Using_Condom_Only: 
 Never reached 


Historical_Contraceptive_Use: 
 Never reached 


Using_No_Contraceptive: 
 Never reached 


Mature_Contraceptive_Use: 
 Never reached 


Using_Withdrawal: 
 Never reached 


Using_Male_Sterilization: 
 Never reached 


Male_Sterilization_Procedure: 
 Never reached 


Using_IUD: 
 Never reached 


Select_For_Male_Sterilization: 
 Never reached 


Using_Sterilization: 
 Never reached 


Menopause_Reached: 
 Never reached 




OSTEOPOROSIS MODULE
Onset_Age_90:
 Total times entered: 1
 Population that ever hit this state: 1 (100.00%)
 Average # of hits per total population: 100.00
 Average # of hits per person that ever hit state: 100.00
 Population currently in state: 1 (100.00%)
 Total duration: 16 years 4 months
 Average duration per time entered: 16 years 4 months
 Average duration per person that ever entered state: 16 years 4 months

Female:
 Total times entered: 1
 Population that ever hit this state: 1 (100.00%)
 Average # of hits per total population: 100.00
[...]
Potential_Infection', Delay 'Potential_Infection', Delay 'Potential_Infection', Delay 'Potential_Infection', Delay 'Potential_Infection', Delay 'Potential_Infection', Delay 'Potential_Infection', Delay 'Potential_Infection', Delay 'Potential_Infection', Delay 'Potential_Infection', Delay 'Potential_Infection', Delay 'Potential_Infection', Delay 'Potential_Infection', Delay 'Potential_Infection', Delay 'Potential_Infection', Delay 'Potential_Infection', Delay 'Potential_Infection', Delay 'Potential_Infection', Delay 'Potential_Infection', Delay 'Potential_Infection', Delay 'Potential_Infection', Delay 'Potential_Infection', Delay 'Potential_Infection', Delay 'Potential_Infection', Delay 'Potential_Infection', Delay 'Potential_Infection', Delay 'Potential_Infection', Delay 'Potential_Infection', Delay 'Potential_Infection', Delay 'Potential_Infection', Delay 'Potential_Infection', Delay 'Potential_Infection', Delay 'Potential_Infection', Delay 'Potential_Infection', Delay 'Potential_Infection', Delay 'Potential_Infection', Delay 'Potential_Infection', Delay 'Potential_Infection', Delay 'Potential_Infection', Delay 'Potential_Infection', Delay 'Potential_Infection', Delay 'Potential_Infection', Delay 'Potential_Infection', Delay 'Potential_Infection', Delay 'Potential_Infection', Delay 'Potential_Infection', Delay 'Potential_Infection', Delay 'Potential_Infection', Delay 'Potential_Infection', Delay 'Potential_Infection', Delay 'Potential_Infection', Delay 'Potential_Infection', Delay 'Potential_Infection', Delay 'Potential_Infection', Delay 'Potential_Infection', Delay 'Potential_Infection', Delay 'Potential_Infection', Delay 'Potential_Infection', Delay 'Potential_Infection', Delay 'Potential_Infection', Delay 'Potential_Infection', Delay 'Potential_Infection', Delay 'Potential_Infection', Delay 'Potential_Infection', Delay 'Potential_Infection', Delay 'Potential_Infection', Delay 'Potential_Infection', Delay 'Potential_Infection', Delay 'Potential_Infection', Delay 'Potential_Infection', Delay 'Potential_Infection', Delay 'Potential_Infection', Delay 'Potential_Infection', Delay 'Potential_Infection', Delay 'Potential_Infection', Delay 'Potential_Infection', Delay 'Potential_Infection', Delay 'Potential_Infection', Delay 'Potential_Infection', Delay 'Potential_Infection', Delay 'Potential_Infection', Delay 'Potential_Infection', Delay 'Potential_Infection', Delay 'Potential_Infection', Delay 'Potential_Infection', Delay 'Potential_Infection', Delay 'Potential_Infection', Delay 'Potential_Infection', Delay 'Potential_Infection', Delay 'Potential_Infection', Delay 'Potential_Infection', Delay 'Potential_Infection', Delay 'Potential_Infection', Delay 'Potential_Infection', Delay 'Potential_Infection', Delay 'Potential_Infection', Delay 'Potential_Infection', Delay 'Potential_Infection', Delay 'Potential_Infection', Delay 'Potential_Infection', Delay 'Potential_Infection', Delay 'Potential_Infection', Delay 'Potential_Infection', Delay 'Potential_Infection', Delay 'Potential_Infection', Delay 'Potential_Infection', Delay 'Potential_Infection', Delay 'Potential_Infection', Delay 'Potential_Infection', Delay 'Potential_Infection', Delay 'Potential_Infection', Delay 'Potential_Infection', Delay 'Potential_Infection', Delay 'Potential_Infection', Delay 'Potential_Infection', Delay 'Potential_Infection', Delay 'Potential_Infection', Delay 'Potential_Infection', Delay 'Potential_Infection', Delay 'Potential_Infection', Delay 'Potential_Infection', Delay 'Potential_Infection', Delay 'Potential_Infection', Delay 'Potential_Infection', Delay 'Potential_Infection', Delay 'Potential_Infection', Delay 'Potential_Infection', Delay 'Potential_Infection', Delay 'Potential_Infection', Delay 'Potential_Infection', Initial 'Initial']
  * Veteran Substance Abuse Conditions Module = [Delay 'Age_Guard', Initial 'Initial']
  * injury_careplan = 2016-05-29T19:38:04.818Z 91251008
  * Primary atrophic hypothyroidism Module = [Delay 'Age delay', Initial 'Initial']
  * Allergies and Treatment Module = [Guard 'Allergist_Guard', CallSubmodule 'Allergy_Incidence_Submodule', Terminal 'Allergy_Incidence_Terminal', Simple 'Chance_of_Latex_Allergy', Simple 'Chance_of_Bee_Allergy', Simple 'Chance_of_Mold_Allergy', Simple 'Chance_of_Dust_Mite_Allergy', Simple 'Chance_of_Pet_Dander_Allergy', Simple 'Chance_of_Grass_Pollen_Allergy', Simple 'Chance_of_Tree_Pollen_Allergy', Simple 'Chance_of_Dairy_Allergy', Simple 'Chance_of_Soy_Allergy', Simple 'Chance_of_Eggs_Allergy', Simple 'Chance_of_Wheat_Allergy', Simple 'Chance_of_Shellfish_Allergy', Simple 'Chance_of_Fish_Allergy', Simple 'Chance_of_TreeNut_Allergy', Simple 'Chance_of_Peanut_Allergy', Initial 'Initial', CallSubmodule 'Allergy_Incidence_Submodule', Delay 'Delay_For_Atopy', Initial 'Initial']
  * preferredProviderinpatient = org.mitre.synthea.world.agents.Provider@4b75531
  * DALY = {2002=0.0, 2003=0.0, 2004=0.0, 2005=0.0, 2006=0.0, 2007=0.0, 2008=0.0, 2009=0.0, 2010=0.0, 2011=0.0, 2012=0.0, 2013=0.0, 2014=0.0, 2015=0.0, 2016=0.0, 2017=0.0, 2018=0.644847418893145, 2019=1.3031326707013862}
  * occupation_level = 0.6348027155523663
  * diabetic_nerve_damage = 0
  * first_name = Brigitte394
  * AGE = 16
  * race = black
  * Veteran Module = [Guard 'Wait_Until_18', Initial 'Initial']
  * Dementia Module = [Delay 'PreAlzheimers', Simple 'AlzheimersGene', Initial 'Initial']
  * identifier_drivers = S99975013
  * preferredProviderwellness = org.mitre.synthea.world.agents.Provider@3bf7888a
  * Congestive Heart Failure Module = [Guard 'Age Guard', Initial 'Initial']
  * instances_of_homelessness = 1
  * homeless = false
  * OTC_Bronchitis_Med = 2017-10-02T19:38:04.818Z 1043400
  * Atopy Module = [Terminal 'Terminal', Initial 'Initial']
  * sexual_orientation = heterosexual
  * QOL = {2002=1.0, 2003=1.0, 2004=1.0, 2005=1.0, 2006=1.0, 2007=1.0, 2008=1.0, 2009=1.0, 2010=1.0, 2011=1.0, 2012=1.0, 2013=1.0, 2014=1.0, 2015=1.0, 2016=1.0, 2017=1.0, 2018=0.355152581106855, 2019=0.34171474819175895}
  * Metabolic Syndrome Standards of Care Module = [Encounter 'Wellness_Encounter', Simple 'Obese_Check', Simple 'Check_Diabetes', Simple 'Check_Hypertension', Encounter 'Wellness_Encounter', Simple 'Obese_Check', Simple 'Check_Diabetes', Simple 'Check_Hypertension', Encounter 'Wellness_Encounter', Simple 'Obese_Check', Simple 'Check_Diabetes', Simple 'Check_Hypertension', Encounter 'Wellness_Encounter', Simple 'Obese_Check', Simple 'Check_Diabetes', Simple 'Check_Hypertension', Encounter 'Wellness_Encounter', Simple 'Obese_Check', Simple 'Check_Diabetes', Simple 'Check_Hypertension', Encounter 'Wellness_Encounter', Simple 'Obese_Check', Simple 'Check_Diabetes', Simple 'Check_Hypertension', Encounter 'Wellness_Encounter', Simple 'Obese_Check', Simple 'Check_Diabetes', Simple 'Check_Hypertension', Encounter 'Wellness_Encounter', Simple 'Obese_Check', Simple 'Check_Diabetes', Simple 'Check_Hypertension', Encounter 'Wellness_Encounter', Simple 'Obese_Check', Simple 'Check_Diabetes', Simple 'Check_Hypertension', Encounter 'Wellness_Encounter', Simple 'Obese_Check', Simple 'Check_Diabetes', Simple 'Check_Hypertension', Encounter 'Wellness_Encounter', Simple 'Obese_Check', Simple 'Check_Diabetes', Simple 'Check_Hypertension', Encounter 'Wellness_Encounter', Simple 'Obese_Check', Simple 'Check_Diabetes', Simple 'Check_Hypertension', Encounter 'Wellness_Encounter', Simple 'Obese_Check', Simple 'Check_Diabetes', Simple 'Check_Hypertension', Encounter 'Wellness_Encounter', Simple 'Obese_Check', Simple 'Check_Diabetes', Simple 'Check_Hypertension', Encounter 'Wellness_Encounter', Simple 'Obese_Check', Simple 'Check_Diabetes', Simple 'Check_Hypertension', Encounter 'Wellness_Encounter', Simple 'Obese_Check', Simple 'Check_Diabetes', Simple 'Check_Hypertension', Encounter 'Wellness_Encounter', Simple 'Obese_Check', Simple 'Check_Diabetes', Simple 'Check_Hypertension', Encounter 'Wellness_Encounter', Simple 'Obese_Check', Simple 'Check_Diabetes', Simple 'Check_Hypertension', Encounter 'Wellness_Encounter', Simple 'Obese_Check', Simple 'Check_Diabetes', Simple 'Check_Hypertension', Encounter 'Wellness_Encounter', Simple 'Obese_Check', Simple 'Check_Diabetes', Simple 'Check_Hypertension', Encounter 'Wellness_Encounter', Simple 'Obese_Check', Simple 'Check_Diabetes', Simple 'Check_Hypertension', Encounter 'Wellness_Encounter', Simple 'Obese_Check', Simple 'Check_Diabetes', Simple 'Check_Hypertension', Encounter 'Wellness_Encounter', Simple 'Obese_Check', Simple 'Check_Diabetes', Simple 'Check_Hypertension', Encounter 'Wellness_Encounter', Simple 'Obese_Check', Simple 'Check_Diabetes', Simple 'Check_Hypertension', Encounter 'Wellness_Encounter', Simple 'Obese_Check', Simple 'Check_Diabetes', Simple 'Check_Hypertension', Encounter 'Wellness_Encounter', Simple 'Obese_Check', Simple 'Check_Diabetes', Simple 'Check_Hypertension', Encounter 'Wellness_Encounter', Initial 'Initial']
  * Dermatitis Module = [Terminal 'Terminal', Simple 'Not_Atopic', Delay 'Delay_For_Atopy', Initial 'Initial']
  * RH_NEG = false
  * AGE_MONTHS = 196
  * Wellness Encounters Module = [Encounter 'Wellness_Encounter', Observation 'Record_Never_Smoker', Simple 'Smoker_Status_Observation', Simple 'check_eGFR', DiagnosticReport 'Record_CBC_Panel', Simple 'check_CBC', Simple 'Lab_ACR', Simple 'Lab_LipidPanel', Simple 'Lab_MetabolicPanel', MultiObservation 'Record_BP', Observation 'Record_BMI', Observation 'Record_Weight', Observation 'Record_Pain', Observation 'Record_Height', Encounter 'Wellness_Encounter', Observation 'Record_Never_Smoker', Simple 'Smoker_Status_Observation', Simple 'check_eGFR', Simple 'check_CBC', Simple 'Lab_ACR', Simple 'Lab_LipidPanel', Simple 'Lab_MetabolicPanel', MultiObservation 'Record_BP', Observation 'Record_BMI', Observation 'Record_Weight', Observation 'Record_Pain', Observation 'Record_Height', Encounter 'Wellness_Encounter', Observation 'Record_Never_Smoker', Simple 'Smoker_Status_Observation', Simple 'check_eGFR', Simple 'check_CBC', Simple 'Lab_ACR', Simple 'Lab_LipidPanel', Simple 'Lab_MetabolicPanel', MultiObservation 'Record_BP', Observation 'Record_BMI', Observation 'Record_Weight', Observation 'Record_Pain', Observation 'Record_Height', Encounter 'Wellness_Encounter', Observation 'Record_Never_Smoker', Simple 'Smoker_Status_Observation', Simple 'check_eGFR', Simple 'check_CBC', Simple 'Lab_ACR', Simple 'Lab_LipidPanel', Simple 'Lab_MetabolicPanel', MultiObservation 'Record_BP', Observation 'Record_BMI', Observation 'Record_Weight', Observation 'Record_Pain', Observation 'Record_Height', Encounter 'Wellness_Encounter', Observation 'Record_Never_Smoker', Simple 'Smoker_Status_Observation', Simple 'check_eGFR', Simple 'check_CBC', Simple 'Lab_ACR', Simple 'Lab_LipidPanel', Simple 'Lab_MetabolicPanel', MultiObservation 'Record_BP', Observation 'Record_BMI', Observation 'Record_Weight', Observation 'Record_Pain', Observation 'Record_Height', Encounter 'Wellness_Encounter', Observation 'Record_Never_Smoker', Simple 'Smoker_Status_Observation', Simple 'check_eGFR', Simple 'check_CBC', Simple 'Lab_ACR', Simple 'Lab_LipidPanel', Simple 'Lab_MetabolicPanel', MultiObservation 'Record_BP', Observation 'Record_BMI', Observation 'Record_Weight', Observation 'Record_Pain', Observation 'Record_Height', Encounter 'Wellness_Encounter', Observation 'Record_Never_Smoker', Simple 'Smoker_Status_Observation', Simple 'check_eGFR', DiagnosticReport 'Record_CBC_Panel', Simple 'check_CBC', Simple 'Lab_ACR', Simple 'Lab_LipidPanel', Simple 'Lab_MetabolicPanel', MultiObservation 'Record_BP', Observation 'Record_BMI', Observation 'Record_Weight', Observation 'Record_Pain', Observation 'Record_Height', Encounter 'Wellness_Encounter', Observation 'Record_Never_Smoker', Simple 'Smoker_Status_Observation', Simple 'check_eGFR', Simple 'check_CBC', Simple 'Lab_ACR', Simple 'Lab_LipidPanel', Simple 'Lab_MetabolicPanel', MultiObservation 'Record_BP', Observation 'Record_BMI', Observation 'Record_Weight', Observation 'Record_Pain', Observation 'Record_Height', Encounter 'Wellness_Encounter', Observation 'Record_Never_Smoker', Simple 'Smoker_Status_Observation', Simple 'check_eGFR', Simple 'check_CBC', Simple 'Lab_ACR', Simple 'Lab_LipidPanel', Simple 'Lab_MetabolicPanel', MultiObservation 'Record_BP', Observation 'Record_BMI', Observation 'Record_Weight', Observation 'Record_Pain', Observation 'Record_Height', Encounter 'Wellness_Encounter', Observation 'Record_Never_Smoker', Simple 'Smoker_Status_Observation', Simple 'check_eGFR', Simple 'check_CBC', Simple 'Lab_ACR', Simple 'Lab_LipidPanel', Simple 'Lab_MetabolicPanel', MultiObservation 'Record_BP', Observation 'Record_BMI', Observation 'Record_Weight', Observation 'Record_Pain', Observation 'Record_Height', Encounter 'Wellness_Encounter', Observation 'Record_Never_Smoker', Simple 'Smoker_Status_Observation', Simple 'check_eGFR', Simple 'check_CBC', Simple 'Lab_ACR', Simple 'Lab_LipidPanel', Simple 'Lab_MetabolicPanel', MultiObservation 'Record_BP', Observation 'Record_BMI', Observation 'Record_Weight', Observation 'Record_Pain', Observation 'Record_Height', Encounter 'Wellness_Encounter', Observation 'Record_Never_Smoker', Simple 'Smoker_Status_Observation', Simple 'check_eGFR', DiagnosticReport 'Record_CBC_Panel', Simple 'check_CBC', Simple 'Lab_ACR', Simple 'Lab_LipidPanel', Simple 'Lab_MetabolicPanel', MultiObservation 'Record_BP', Observation 'Record_BMI', Observation 'Record_Weight', Observation 'Record_Pain', Observation 'Record_Height', Encounter 'Wellness_Encounter', Observation 'Record_Never_Smoker', Simple 'Smoker_Status_Observation', Simple 'check_eGFR', Simple 'check_CBC', Simple 'Lab_ACR', Simple 'Lab_LipidPanel', Simple 'Lab_MetabolicPanel', MultiObservation 'Record_BP', Observation 'Record_BMI', Observation 'Record_Weight', Observation 'Record_Pain', Observation 'Record_Height', Encounter 'Wellness_Encounter', Observation 'Record_Never_Smoker', Simple 'Smoker_Status_Observation', Simple 'check_eGFR', Simple 'check_CBC', Simple 'Lab_ACR', Simple 'Lab_LipidPanel', Simple 'Lab_MetabolicPanel', MultiObservation 'Record_BP', Observation 'Record_BMI', Observation 'Record_Weight', Observation 'Record_Pain', Observation 'Record_Height', Encounter 'Wellness_Encounter', Observation 'Record_Never_Smoker', Simple 'Smoker_Status_Observation', Simple 'check_eGFR', Simple 'check_CBC', Simple 'Lab_ACR', Simple 'Lab_LipidPanel', Simple 'Lab_MetabolicPanel', MultiObservation 'Record_BP', Observation 'Record_BMI', Observation 'Record_Weight', Observation 'Record_Pain', Observation 'Record_Height', Encounter 'Wellness_Encounter', Observation 'Record_Never_Smoker', Simple 'Smoker_Status_Observation', Simple 'check_eGFR', Simple 'check_CBC', Simple 'Lab_ACR', Simple 'Lab_LipidPanel', Simple 'Lab_MetabolicPanel', MultiObservation 'Record_BP', Observation 'Record_BMI', Observation 'Record_Weight', Observation 'Record_Pain', Observation 'Record_Height', Encounter 'Wellness_Encounter', Observation 'Record_Never_Smoker', Simple 'Smoker_Status_Observation', Simple 'check_eGFR', Simple 'check_CBC', Simple 'Lab_ACR', Simple 'Lab_LipidPanel', Simple 'Lab_MetabolicPanel', MultiObservation 'Record_BP', Observation 'Record_BMI', Observation 'Record_Weight', Observation 'Record_Pain', Observation 'Record_Height', Encounter 'Wellness_Encounter', Observation 'Record_Never_Smoker', Simple 'Smoker_Status_Observation', Simple 'check_eGFR', Simple 'check_CBC', Simple 'Lab_ACR', Simple 'Lab_LipidPanel', Simple 'Lab_MetabolicPanel', MultiObservation 'Record_BP', Observation 'Record_Weight', Observation 'Record_Pain', Observation 'Record_Height', Encounter 'Wellness_Encounter', Observation 'Record_Never_Smoker', Simple 'Smoker_Status_Observation', Simple 'check_eGFR', Simple 'check_CBC', Simple 'Lab_ACR', Simple 'Lab_LipidPanel', Simple 'Lab_MetabolicPanel', MultiObservation 'Record_BP', Observation 'Record_Weight', Observation 'Record_Pain', Observation 'Record_Height', Encounter 'Wellness_Encounter', Observation 'Record_Never_Smoker', Simple 'Smoker_Status_Observation', Simple 'check_eGFR', Simple 'check_CBC', Simple 'Lab_ACR', Simple 'Lab_LipidPanel', Simple 'Lab_MetabolicPanel', MultiObservation 'Record_BP', Observation 'Record_Weight', Observation 'Record_Pain', Observation 'Record_Height', Encounter 'Wellness_Encounter', Observation 'Record_Never_Smoker', Simple 'Smoker_Status_Observation', Simple 'check_eGFR', Simple 'check_CBC', Simple 'Lab_ACR', Simple 'Lab_LipidPanel', Simple 'Lab_MetabolicPanel', MultiObservation 'Record_BP', Observation 'Record_Weight', Observation 'Record_Pain', Observation 'Record_Height', Encounter 'Wellness_Encounter', Observation 'Record_Never_Smoker', Simple 'Smoker_Status_Observation', Simple 'check_eGFR', Simple 'check_CBC', Simple 'Lab_ACR', Simple 'Lab_LipidPanel', Simple 'Lab_MetabolicPanel', MultiObservation 'Record_BP', Observation 'Record_Weight', Observation 'Record_Pain', Observation 'Record_Height', Encounter 'Wellness_Encounter', Observation 'Record_Never_Smoker', Simple 'Smoker_Status_Observation', Simple 'check_eGFR', Simple 'check_CBC', Simple 'Lab_ACR', Simple 'Lab_LipidPanel', Simple 'Lab_MetabolicPanel', MultiObservation 'Record_BP', Observation 'Record_Weight', Observation 'Record_Pain', Observation 'Record_Height', Encounter 'Wellness_Encounter', Observation 'Record_Never_Smoker', Simple 'Smoker_Status_Observation', Simple 'check_eGFR', Simple 'check_CBC', Simple 'Lab_ACR', Simple 'Lab_LipidPanel', Simple 'Lab_MetabolicPanel', MultiObservation 'Record_BP', Observation 'Record_Weight', Observation 'Record_Pain', Observation 'Record_Height', Encounter 'Wellness_Encounter', Observation 'Record_Never_Smoker', Simple 'Smoker_Status_Observation', Simple 'check_eGFR', Simple 'check_CBC', Simple 'Lab_ACR', Simple 'Lab_LipidPanel', Simple 'Lab_MetabolicPanel', MultiObservation 'Record_BP', Observation 'Record_Weight', Observation 'Record_Pain', Observation 'Record_Height', Encounter 'Wellness_Encounter', Observation 'Record_Never_Smoker', Simple 'Smoker_Status_Observation', Simple 'check_eGFR', DiagnosticReport 'Record_CBC_Panel', Simple 'check_CBC', Simple 'Lab_ACR', Simple 'Lab_LipidPanel', Simple 'Lab_MetabolicPanel', MultiObservation 'Record_BP', Observation 'Record_Weight', Observation 'Record_Pain', Observation 'Record_Height', Encounter 'Wellness_Encounter', Initial 'Initial']
  * location = org.mitre.synthea.world.geography.Location@1462fbd2
  * ckd = 0
  * Veteran Lung Cancer Module = [Guard 'Veteran_Guard', Initial 'Initial']
  * contraceptive = 2018-09-26T19:38:04.818Z 1534809
  * Veteran Hyperlipidemia Module = [Delay 'age guard', Initial 'Initial']
  * currentProvider = {Wellness Encounters Module=org.mitre.synthea.world.agents.Provider@4b75531}
  * Urinary Tract Infections Module = [Delay 'Delay_Until_Right_Age', Initial 'Initial']
SYMPTOMS: 42
Encounters:      54
Observations:    215
Reports:         4
Conditions:      14
Allergies:       0
Procedures:      23
Immunizations:   45
Medications:     20
Care Plans:      4
Imaging Studies: 1

VITAL SIGNS
  *   Systolic Blood Pressure = 122.10
  *             Urea Nitrogen =  19.66
  *            Carbon Dioxide =  23.13
  *         Weight Percentile =   0.90
  *                  Chloride = 107.05
  *         Total Cholesterol = 199.39
  *                    Sodium = 143.69
  *                      EGFR = 130.91
  *                   Glucose =  92.68
  *                       BMI =  27.19
  *                    Height = 161.63
  *                 Potassium =   3.83
  *                Creatinine =   1.04
  *             Blood Glucose =   5.07
  *         Height Percentile =   0.43
  *                    Weight =  71.03
  *             Triglycerides = 114.04
  *                       LDL = 116.63
  * Microalbumin Creatinine Ratio =  16.72
  *                       HDL =  59.95
  *  Diastolic Blood Pressure =  89.63
  *                   Calcium =  10.18
-----
{alive=1, dead=0}
]]></system-out>
  <system-err><![CDATA[]]></system-err>
</testsuite>
